#! /usr/bin/vvp
:ivl_version "12.0 (stable)";
:ivl_delay_selection "TYPICAL";
:vpi_time_precision - 12;
:vpi_module "/usr/lib/x86_64-linux-gnu/ivl/system.vpi";
:vpi_module "/usr/lib/x86_64-linux-gnu/ivl/vhdl_sys.vpi";
:vpi_module "/usr/lib/x86_64-linux-gnu/ivl/vhdl_textio.vpi";
:vpi_module "/usr/lib/x86_64-linux-gnu/ivl/v2005_math.vpi";
:vpi_module "/usr/lib/x86_64-linux-gnu/ivl/va_math.vpi";
S_0x60695254bea0 .scope module, "EX_tb" "EX_tb" 2 4;
 .timescale -9 -12;
v0x6069525ac8b0_0 .var "ALUControl", 3 0;
v0x6069525ac990_0 .net "ALUControl_r", 3 0, v0x6069525aa180_0;  1 drivers
v0x6069525aca30_0 .var "ALUSrc", 0 0;
v0x6069525acad0_0 .net "ALUSrc_r", 0 0, v0x6069525aa370_0;  1 drivers
v0x6069525acb70_0 .net "ALU_result", 31 0, v0x6069525a5570_0;  1 drivers
v0x6069525accb0_0 .var "PC", 31 0;
v0x6069525acd50_0 .net "PCSel", 0 0, v0x6069525a5840_0;  1 drivers
v0x6069525ace40_0 .net "PC_ex", 31 0, v0x6069525a5780_0;  1 drivers
v0x6069525acf30_0 .net "PC_r", 31 0, v0x6069525aa500_0;  1 drivers
v0x6069525acff0_0 .var "bgef3", 0 0;
v0x6069525ad090_0 .net "bgef3_r", 0 0, v0x6069525aa6f0_0;  1 drivers
v0x6069525ad130_0 .var "branch", 0 0;
v0x6069525ad1d0_0 .net "branch_r", 0 0, v0x6069525aa830_0;  1 drivers
v0x6069525ad270_0 .var "clk", 0 0;
v0x6069525ad310_0 .var "immediate", 31 0;
v0x6069525ad3b0_0 .net "immediate_r", 31 0, v0x6069525aaa10_0;  1 drivers
v0x6069525ad450_0 .var "instruction", 31 0;
v0x6069525ad4f0_0 .net "instruction_ex", 31 0, v0x6069525a5b70_0;  1 drivers
v0x6069525ad590_0 .net "instruction_r", 31 0, v0x6069525aabb0_0;  1 drivers
v0x6069525ad650_0 .var "jalr", 0 0;
v0x6069525ad6f0_0 .net "jalr_r", 0 0, v0x6069525aada0_0;  1 drivers
v0x6069525ad790_0 .var "jump", 0 0;
v0x6069525ad830_0 .net "jump_r", 0 0, v0x6069525aaf50_0;  1 drivers
v0x6069525ad920_0 .net "jump_target", 31 0, v0x6069525a5d30_0;  1 drivers
v0x6069525ada10_0 .var "memRead", 0 0;
v0x6069525adab0_0 .net "memRead_ex", 0 0, v0x6069525a5ed0_0;  1 drivers
v0x6069525adba0_0 .net "memRead_r", 0 0, v0x6069525ab090_0;  1 drivers
v0x6069525adc40_0 .var "memWrite", 0 0;
v0x6069525adce0_0 .net "memWrite_ex", 0 0, v0x6069525a6030_0;  1 drivers
v0x6069525addd0_0 .net "memWrite_r", 0 0, v0x6069525ab240_0;  1 drivers
v0x6069525ade70_0 .var "rd", 4 0;
v0x6069525adf10_0 .net "rd_ex", 4 0, v0x6069525a61b0_0;  1 drivers
v0x6069525ae000_0 .net "rd_r", 4 0, v0x6069525ab3f0_0;  1 drivers
v0x6069525ae2b0_0 .var "regWrite", 0 0;
v0x6069525ae350_0 .net "regWrite_ex", 0 0, v0x6069525a6370_0;  1 drivers
v0x6069525ae440_0 .net "regWrite_r", 0 0, v0x6069525ab5e0_0;  1 drivers
v0x6069525ae4e0_0 .var "resultSrc", 1 0;
v0x6069525ae580_0 .net "resultSrc_ex", 1 0, v0x6069525a64f0_0;  1 drivers
v0x6069525ae670_0 .net "resultSrc_r", 1 0, v0x6069525ab790_0;  1 drivers
v0x6069525ae710_0 .var "rs1", 4 0;
v0x6069525ae7d0_0 .net "rs1_ex", 4 0, v0x6069525a66b0_0;  1 drivers
v0x6069525ae8c0_0 .net "rs1_r", 4 0, v0x6069525ab980_0;  1 drivers
v0x6069525ae980_0 .var "rs1_val", 31 0;
v0x6069525aea40_0 .net "rs1_val_r", 31 0, v0x6069525abb70_0;  1 drivers
v0x6069525aeae0_0 .var "rs2", 4 0;
v0x6069525aeba0_0 .net "rs2_ex", 4 0, v0x6069525a6870_0;  1 drivers
v0x6069525aec90_0 .net "rs2_r", 4 0, v0x6069525abf70_0;  1 drivers
v0x6069525aed50_0 .var "rs2_val", 31 0;
v0x6069525aee10_0 .net "rs2_val_ex", 31 0, v0x6069525a6a30_0;  1 drivers
v0x6069525aef00_0 .net "rs2_val_r", 31 0, v0x6069525ac160_0;  1 drivers
v0x6069525aefc0_0 .var "rst", 0 0;
E_0x6069524edeb0 .event posedge, v0x6069525a5ad0_0;
E_0x6069524ed320 .event negedge, v0x6069525a5ad0_0;
S_0x60695250b9d0 .scope module, "EX" "execute_stage" 2 48, 3 3 0, S_0x60695254bea0;
 .timescale 0 0;
    .port_info 0 /INPUT 1 "clk";
    .port_info 1 /INPUT 1 "rst";
    .port_info 2 /INPUT 1 "jalr";
    .port_info 3 /INPUT 1 "jump";
    .port_info 4 /INPUT 1 "branch";
    .port_info 5 /INPUT 1 "bgef3";
    .port_info 6 /INPUT 1 "ALUSrc";
    .port_info 7 /INPUT 4 "ALUControl";
    .port_info 8 /INPUT 32 "immediate";
    .port_info 9 /INPUT 32 "rs1_val";
    .port_info 10 /INPUT 32 "rs2_val_in";
    .port_info 11 /INPUT 32 "instruction_in";
    .port_info 12 /INPUT 32 "PC_in";
    .port_info 13 /INPUT 1 "memRead_in";
    .port_info 14 /INPUT 1 "memWrite_in";
    .port_info 15 /INPUT 1 "regWrite_in";
    .port_info 16 /INPUT 2 "resultSrc_in";
    .port_info 17 /INPUT 5 "rs1_in";
    .port_info 18 /INPUT 5 "rs2_in";
    .port_info 19 /INPUT 5 "rd_in";
    .port_info 20 /OUTPUT 32 "ALU_result_out";
    .port_info 21 /OUTPUT 32 "jump_target_out";
    .port_info 22 /OUTPUT 32 "instruction_out";
    .port_info 23 /OUTPUT 32 "PC_out";
    .port_info 24 /OUTPUT 32 "rs2_val_out";
    .port_info 25 /OUTPUT 1 "PCSel_out";
    .port_info 26 /OUTPUT 1 "memRead_out";
    .port_info 27 /OUTPUT 1 "memWrite_out";
    .port_info 28 /OUTPUT 1 "regWrite_out";
    .port_info 29 /OUTPUT 2 "resultSrc_out";
    .port_info 30 /OUTPUT 5 "rs1_out";
    .port_info 31 /OUTPUT 5 "rs2_out";
    .port_info 32 /OUTPUT 5 "rd_out";
L_0x6069525b1ba0 .functor AND 1, v0x6069525aaf50_0, L_0x6069525bf400, C4<1>, C4<1>;
L_0x6069525c0900 .functor OR 1, L_0x6069525d1ac0, L_0x6069525d12c0, C4<0>, C4<0>;
L_0x6069525d1d40 .functor AND 1, v0x6069525aa830_0, L_0x6069525d1c50, C4<1>, C4<1>;
L_0x6069525d1e00 .functor OR 1, L_0x6069525d1d40, v0x6069525aaf50_0, C4<0>, C4<0>;
v0x6069525a70e0_0 .net "ALUControl", 3 0, v0x6069525aa180_0;  alias, 1 drivers
v0x6069525a71f0_0 .net "ALUSrc", 0 0, v0x6069525aa370_0;  alias, 1 drivers
v0x6069525a72c0_0 .net "ALUSrc_jal", 0 0, L_0x6069525b1ba0;  1 drivers
v0x6069525a73c0_0 .net "ALU_in_A", 31 0, L_0x6069525bf530;  1 drivers
v0x6069525a7460_0 .net "ALU_in_B", 31 0, L_0x6069525bf6a0;  1 drivers
v0x6069525a75a0_0 .net "ALU_result_out", 31 0, v0x6069525a5570_0;  alias, 1 drivers
v0x6069525a7640_0 .net "ALU_result_w", 31 0, L_0x6069525d15e0;  1 drivers
v0x6069525a76e0_0 .net "PCSel_out", 0 0, v0x6069525a5840_0;  alias, 1 drivers
v0x6069525a7780_0 .net "PCSel_w", 0 0, L_0x6069525d1e00;  1 drivers
v0x6069525a7820_0 .net "PC_in", 31 0, v0x6069525aa500_0;  alias, 1 drivers
v0x6069525a78c0_0 .net "PC_out", 31 0, v0x6069525a5780_0;  alias, 1 drivers
v0x6069525a7960_0 .net *"_ivl_1", 0 0, L_0x6069525bf400;  1 drivers
v0x6069525a7a00_0 .net *"_ivl_13", 0 0, L_0x6069525d1d40;  1 drivers
v0x6069525a7aa0_0 .net *"_ivl_5", 0 0, L_0x6069525d1ac0;  1 drivers
v0x6069525a7b60_0 .net *"_ivl_7", 0 0, L_0x6069525c0900;  1 drivers
v0x6069525a7c20_0 .net *"_ivl_9", 0 0, L_0x6069525d1bb0;  1 drivers
v0x6069525a7ce0_0 .net "bgef3", 0 0, v0x6069525aa6f0_0;  alias, 1 drivers
v0x6069525a7eb0_0 .net "branch", 0 0, v0x6069525aa830_0;  alias, 1 drivers
v0x6069525a7f70_0 .net "clk", 0 0, v0x6069525ad270_0;  1 drivers
v0x6069525a8040_0 .net "condition_met", 0 0, L_0x6069525d1c50;  1 drivers
v0x6069525a80e0_0 .net "immediate", 31 0, v0x6069525aaa10_0;  alias, 1 drivers
v0x6069525a81f0_0 .net "instruction_in", 31 0, v0x6069525aabb0_0;  alias, 1 drivers
v0x6069525a82b0_0 .net "instruction_out", 31 0, v0x6069525a5b70_0;  alias, 1 drivers
v0x6069525a8380_0 .net "jalr", 0 0, v0x6069525aada0_0;  alias, 1 drivers
v0x6069525a8450_0 .net "jump", 0 0, v0x6069525aaf50_0;  alias, 1 drivers
v0x6069525a84f0_0 .net "jump_target_out", 31 0, v0x6069525a5d30_0;  alias, 1 drivers
v0x6069525a85c0_0 .net "jump_target_w", 31 0, L_0x6069525d1a20;  1 drivers
v0x6069525a86b0_0 .net "memRead_in", 0 0, v0x6069525ab090_0;  alias, 1 drivers
v0x6069525a8750_0 .net "memRead_out", 0 0, v0x6069525a5ed0_0;  alias, 1 drivers
v0x6069525a8820_0 .net "memWrite_in", 0 0, v0x6069525ab240_0;  alias, 1 drivers
v0x6069525a88f0_0 .net "memWrite_out", 0 0, v0x6069525a6030_0;  alias, 1 drivers
v0x6069525a89c0_0 .net "negative", 0 0, L_0x6069525d1820;  1 drivers
v0x6069525a8a90_0 .net "rd_in", 4 0, v0x6069525ab3f0_0;  alias, 1 drivers
v0x6069525a8d70_0 .net "rd_out", 4 0, v0x6069525a61b0_0;  alias, 1 drivers
v0x6069525a8e40_0 .net "regWrite_in", 0 0, v0x6069525ab5e0_0;  alias, 1 drivers
v0x6069525a8f10_0 .net "regWrite_out", 0 0, v0x6069525a6370_0;  alias, 1 drivers
v0x6069525a8fe0_0 .net "resultSrc_in", 1 0, v0x6069525ab790_0;  alias, 1 drivers
v0x6069525a90b0_0 .net "resultSrc_out", 1 0, v0x6069525a64f0_0;  alias, 1 drivers
v0x6069525a9180_0 .net "rs1_in", 4 0, v0x6069525ab980_0;  alias, 1 drivers
v0x6069525a9250_0 .net "rs1_out", 4 0, v0x6069525a66b0_0;  alias, 1 drivers
v0x6069525a9320_0 .net "rs1_val", 31 0, v0x6069525abb70_0;  alias, 1 drivers
v0x6069525a93f0_0 .net "rs2_in", 4 0, v0x6069525abf70_0;  alias, 1 drivers
v0x6069525a94c0_0 .net "rs2_out", 4 0, v0x6069525a6870_0;  alias, 1 drivers
v0x6069525a9590_0 .net "rs2_val_in", 31 0, v0x6069525ac160_0;  alias, 1 drivers
v0x6069525a9680_0 .net "rs2_val_out", 31 0, v0x6069525a6a30_0;  alias, 1 drivers
v0x6069525a9720_0 .net "rst", 0 0, v0x6069525aefc0_0;  1 drivers
v0x6069525a97f0_0 .net "zero", 0 0, L_0x6069525d12c0;  1 drivers
L_0x6069525bf400 .reduce/nor v0x6069525aada0_0;
L_0x6069525d1ac0 .reduce/nor L_0x6069525d1820;
L_0x6069525d1bb0 .reduce/nor L_0x6069525d12c0;
L_0x6069525d1c50 .functor MUXZ 1, L_0x6069525d1bb0, L_0x6069525c0900, v0x6069525aa6f0_0, C4<>;
S_0x60695256ace0 .scope module, "ALU_A_mux" "mux_2x1" 3 30, 4 1 0, S_0x60695250b9d0;
 .timescale -9 -12;
    .port_info 0 /INPUT 32 "a";
    .port_info 1 /INPUT 32 "b";
    .port_info 2 /INPUT 1 "s";
    .port_info 3 /OUTPUT 32 "f";
v0x60695254a560_0 .net "a", 31 0, v0x6069525abb70_0;  alias, 1 drivers
v0x60695254a630_0 .net "b", 31 0, v0x6069525aa500_0;  alias, 1 drivers
v0x6069525a1cb0_0 .net "f", 31 0, L_0x6069525bf530;  alias, 1 drivers
v0x6069525a1d70_0 .net "s", 0 0, L_0x6069525b1ba0;  alias, 1 drivers
L_0x6069525bf530 .functor MUXZ 32, v0x6069525abb70_0, v0x6069525aa500_0, L_0x6069525b1ba0, C4<>;
S_0x6069525a1eb0 .scope module, "ALU_B_mux" "mux_2x1" 3 31, 4 1 0, S_0x60695250b9d0;
 .timescale -9 -12;
    .port_info 0 /INPUT 32 "a";
    .port_info 1 /INPUT 32 "b";
    .port_info 2 /INPUT 1 "s";
    .port_info 3 /OUTPUT 32 "f";
v0x6069525a20b0_0 .net "a", 31 0, v0x6069525ac160_0;  alias, 1 drivers
v0x6069525a2190_0 .net "b", 31 0, v0x6069525aaa10_0;  alias, 1 drivers
v0x6069525a2270_0 .net "f", 31 0, L_0x6069525bf6a0;  alias, 1 drivers
v0x6069525a2330_0 .net "s", 0 0, v0x6069525aa370_0;  alias, 1 drivers
L_0x6069525bf6a0 .functor MUXZ 32, v0x6069525ac160_0, v0x6069525aaa10_0, v0x6069525aa370_0, C4<>;
S_0x6069525a24a0 .scope module, "alu_" "ALU" 3 32, 3 67 0, S_0x60695250b9d0;
 .timescale 0 0;
    .port_info 0 /INPUT 32 "A";
    .port_info 1 /INPUT 32 "B";
    .port_info 2 /INPUT 4 "ALUControl";
    .port_info 3 /OUTPUT 32 "result";
    .port_info 4 /OUTPUT 1 "zero";
    .port_info 5 /OUTPUT 1 "negative";
L_0x6069525bf9e0 .functor AND 32, L_0x6069525bf530, L_0x6069525bf6a0, C4<11111111111111111111111111111111>, C4<11111111111111111111111111111111>;
L_0x6069525bffb0 .functor XOR 32, L_0x6069525bf530, L_0x6069525bf6a0, C4<00000000000000000000000000000000>, C4<00000000000000000000000000000000>;
L_0x6069525c0110 .functor OR 32, L_0x6069525bf530, L_0x6069525bf6a0, C4<00000000000000000000000000000000>, C4<00000000000000000000000000000000>;
v0x6069525a2720_0 .net "A", 31 0, L_0x6069525bf530;  alias, 1 drivers
v0x6069525a2810_0 .net "ALUControl", 3 0, v0x6069525aa180_0;  alias, 1 drivers
v0x6069525a28d0_0 .net "B", 31 0, L_0x6069525bf6a0;  alias, 1 drivers
L_0x7372891b7018 .functor BUFT 1, C4<0000>, C4<0>, C4<0>, C4<0>;
v0x6069525a29d0_0 .net/2u *"_ivl_0", 3 0, L_0x7372891b7018;  1 drivers
v0x6069525a2a90_0 .net *"_ivl_10", 31 0, L_0x6069525bfc70;  1 drivers
L_0x7372891b70a8 .functor BUFT 1, C4<0010>, C4<0>, C4<0>, C4<0>;
v0x6069525a2bc0_0 .net/2u *"_ivl_12", 3 0, L_0x7372891b70a8;  1 drivers
v0x6069525a2ca0_0 .net *"_ivl_14", 0 0, L_0x6069525bfda0;  1 drivers
v0x6069525a2d60_0 .net *"_ivl_16", 31 0, L_0x6069525bf9e0;  1 drivers
L_0x7372891b70f0 .functor BUFT 1, C4<0011>, C4<0>, C4<0>, C4<0>;
v0x6069525a2e40_0 .net/2u *"_ivl_18", 3 0, L_0x7372891b70f0;  1 drivers
v0x6069525a2f20_0 .net *"_ivl_2", 0 0, L_0x6069525bf810;  1 drivers
v0x6069525a2fe0_0 .net *"_ivl_20", 0 0, L_0x6069525bfea0;  1 drivers
v0x6069525a30a0_0 .net *"_ivl_22", 31 0, L_0x6069525bffb0;  1 drivers
L_0x7372891b7138 .functor BUFT 1, C4<0100>, C4<0>, C4<0>, C4<0>;
v0x6069525a3180_0 .net/2u *"_ivl_24", 3 0, L_0x7372891b7138;  1 drivers
v0x6069525a3260_0 .net *"_ivl_26", 0 0, L_0x6069525c0020;  1 drivers
v0x6069525a3320_0 .net *"_ivl_28", 31 0, L_0x6069525c0110;  1 drivers
L_0x7372891b7180 .functor BUFT 1, C4<0101>, C4<0>, C4<0>, C4<0>;
v0x6069525a3400_0 .net/2u *"_ivl_30", 3 0, L_0x7372891b7180;  1 drivers
v0x6069525a34e0_0 .net *"_ivl_32", 0 0, L_0x6069525c03d0;  1 drivers
v0x6069525a35a0_0 .net *"_ivl_34", 31 0, L_0x6069525c0540;  1 drivers
L_0x7372891b71c8 .functor BUFT 1, C4<0110>, C4<0>, C4<0>, C4<0>;
v0x6069525a3680_0 .net/2u *"_ivl_36", 3 0, L_0x7372891b71c8;  1 drivers
v0x6069525a3760_0 .net *"_ivl_38", 0 0, L_0x6069525c0610;  1 drivers
v0x6069525a3820_0 .net *"_ivl_4", 31 0, L_0x6069525bf940;  1 drivers
v0x6069525a3900_0 .net *"_ivl_40", 31 0, L_0x6069525c0790;  1 drivers
v0x6069525a39e0_0 .net *"_ivl_42", 0 0, L_0x6069525c0830;  1 drivers
v0x6069525a3aa0_0 .net *"_ivl_44", 31 0, L_0x6069525c0970;  1 drivers
L_0x7372891b7210 .functor BUFT 1, C4<0000000000000000000000000000000>, C4<0>, C4<0>, C4<0>;
v0x6069525a3b80_0 .net *"_ivl_47", 30 0, L_0x7372891b7210;  1 drivers
v0x6069525a3c60_0 .net *"_ivl_48", 31 0, L_0x6069525d0ad0;  1 drivers
v0x6069525a3d40_0 .net *"_ivl_50", 31 0, L_0x6069525d0ce0;  1 drivers
v0x6069525a3e20_0 .net *"_ivl_52", 31 0, L_0x6069525d0e70;  1 drivers
v0x6069525a3f00_0 .net *"_ivl_54", 31 0, L_0x6069525d1090;  1 drivers
v0x6069525a3fe0_0 .net *"_ivl_56", 31 0, L_0x6069525d1220;  1 drivers
v0x6069525a40c0_0 .net *"_ivl_58", 31 0, L_0x6069525d1450;  1 drivers
L_0x7372891b7060 .functor BUFT 1, C4<0001>, C4<0>, C4<0>, C4<0>;
v0x6069525a41a0_0 .net/2u *"_ivl_6", 3 0, L_0x7372891b7060;  1 drivers
L_0x7372891b7258 .functor BUFT 1, C4<00000000000000000000000000000000>, C4<0>, C4<0>, C4<0>;
v0x6069525a4280_0 .net/2u *"_ivl_62", 31 0, L_0x7372891b7258;  1 drivers
L_0x7372891b72a0 .functor BUFT 1, C4<00000000000000000000000000000000>, C4<0>, C4<0>, C4<0>;
v0x6069525a4570_0 .net/2u *"_ivl_66", 31 0, L_0x7372891b72a0;  1 drivers
v0x6069525a4650_0 .net *"_ivl_8", 0 0, L_0x6069525bfba0;  1 drivers
v0x6069525a4710_0 .net "negative", 0 0, L_0x6069525d1820;  alias, 1 drivers
v0x6069525a47d0_0 .net "result", 31 0, L_0x6069525d15e0;  alias, 1 drivers
v0x6069525a48b0_0 .net "zero", 0 0, L_0x6069525d12c0;  alias, 1 drivers
L_0x6069525bf810 .cmp/eq 4, v0x6069525aa180_0, L_0x7372891b7018;
L_0x6069525bf940 .arith/sum 32, L_0x6069525bf530, L_0x6069525bf6a0;
L_0x6069525bfba0 .cmp/eq 4, v0x6069525aa180_0, L_0x7372891b7060;
L_0x6069525bfc70 .arith/sub 32, L_0x6069525bf530, L_0x6069525bf6a0;
L_0x6069525bfda0 .cmp/eq 4, v0x6069525aa180_0, L_0x7372891b70a8;
L_0x6069525bfea0 .cmp/eq 4, v0x6069525aa180_0, L_0x7372891b70f0;
L_0x6069525c0020 .cmp/eq 4, v0x6069525aa180_0, L_0x7372891b7138;
L_0x6069525c03d0 .cmp/eq 4, v0x6069525aa180_0, L_0x7372891b7180;
L_0x6069525c0540 .shift/r 32, L_0x6069525bf530, L_0x6069525bf6a0;
L_0x6069525c0610 .cmp/eq 4, v0x6069525aa180_0, L_0x7372891b71c8;
L_0x6069525c0790 .shift/r 32, L_0x6069525bf530, L_0x6069525bf6a0;
L_0x6069525c0830 .cmp/gt 32, L_0x6069525bf6a0, L_0x6069525bf530;
L_0x6069525c0970 .concat [ 1 31 0 0], L_0x6069525c0830, L_0x7372891b7210;
L_0x6069525d0ad0 .functor MUXZ 32, L_0x6069525c0970, L_0x6069525c0790, L_0x6069525c0610, C4<>;
L_0x6069525d0ce0 .functor MUXZ 32, L_0x6069525d0ad0, L_0x6069525c0540, L_0x6069525c03d0, C4<>;
L_0x6069525d0e70 .functor MUXZ 32, L_0x6069525d0ce0, L_0x6069525c0110, L_0x6069525c0020, C4<>;
L_0x6069525d1090 .functor MUXZ 32, L_0x6069525d0e70, L_0x6069525bffb0, L_0x6069525bfea0, C4<>;
L_0x6069525d1220 .functor MUXZ 32, L_0x6069525d1090, L_0x6069525bf9e0, L_0x6069525bfda0, C4<>;
L_0x6069525d1450 .functor MUXZ 32, L_0x6069525d1220, L_0x6069525bfc70, L_0x6069525bfba0, C4<>;
L_0x6069525d15e0 .functor MUXZ 32, L_0x6069525d1450, L_0x6069525bf940, L_0x6069525bf810, C4<>;
L_0x6069525d12c0 .cmp/eq 32, L_0x6069525d15e0, L_0x7372891b7258;
L_0x6069525d1820 .cmp/gt 32, L_0x7372891b72a0, L_0x6069525d15e0;
S_0x6069525a4a30 .scope module, "branch_jump_mux" "mux_2x1" 3 35, 4 1 0, S_0x60695250b9d0;
 .timescale -9 -12;
    .port_info 0 /INPUT 32 "a";
    .port_info 1 /INPUT 32 "b";
    .port_info 2 /INPUT 1 "s";
    .port_info 3 /OUTPUT 32 "f";
v0x6069525a4c30_0 .net "a", 31 0, v0x6069525aaa10_0;  alias, 1 drivers
v0x6069525a4d40_0 .net "b", 31 0, L_0x6069525d15e0;  alias, 1 drivers
v0x6069525a4e10_0 .net "f", 31 0, L_0x6069525d1a20;  alias, 1 drivers
v0x6069525a4ee0_0 .net "s", 0 0, v0x6069525aada0_0;  alias, 1 drivers
L_0x6069525d1a20 .functor MUXZ 32, v0x6069525aaa10_0, L_0x6069525d15e0, v0x6069525aada0_0, C4<>;
S_0x6069525a5050 .scope module, "pipe_reg" "EX_MEM" 3 41, 3 91 0, S_0x60695250b9d0;
 .timescale 0 0;
    .port_info 0 /INPUT 1 "clk";
    .port_info 1 /INPUT 1 "rst";
    .port_info 2 /INPUT 32 "ALU_result_r";
    .port_info 3 /INPUT 32 "jump_target_r";
    .port_info 4 /INPUT 32 "instruction_r";
    .port_info 5 /INPUT 32 "PC_r";
    .port_info 6 /INPUT 1 "PCSel_r";
    .port_info 7 /INPUT 1 "memRead_r";
    .port_info 8 /INPUT 1 "memWrite_r";
    .port_info 9 /INPUT 1 "regWrite_r";
    .port_info 10 /INPUT 2 "resultSrc_r";
    .port_info 11 /INPUT 5 "rs1_r";
    .port_info 12 /INPUT 5 "rs2_r";
    .port_info 13 /INPUT 5 "rd_r";
    .port_info 14 /INPUT 32 "rs2_val_r";
    .port_info 15 /OUTPUT 32 "ALU_result";
    .port_info 16 /OUTPUT 32 "jump_target";
    .port_info 17 /OUTPUT 32 "instruction";
    .port_info 18 /OUTPUT 32 "PC";
    .port_info 19 /OUTPUT 1 "PCSel";
    .port_info 20 /OUTPUT 1 "memRead";
    .port_info 21 /OUTPUT 1 "memWrite";
    .port_info 22 /OUTPUT 1 "regWrite";
    .port_info 23 /OUTPUT 2 "resultSrc";
    .port_info 24 /OUTPUT 5 "rs1";
    .port_info 25 /OUTPUT 5 "rs2";
    .port_info 26 /OUTPUT 5 "rd";
    .port_info 27 /OUTPUT 32 "rs2_val";
v0x6069525a5570_0 .var "ALU_result", 31 0;
v0x6069525a5670_0 .net "ALU_result_r", 31 0, L_0x6069525d15e0;  alias, 1 drivers
v0x6069525a5780_0 .var "PC", 31 0;
v0x6069525a5840_0 .var "PCSel", 0 0;
v0x6069525a5900_0 .net "PCSel_r", 0 0, L_0x6069525d1e00;  alias, 1 drivers
v0x6069525a5a10_0 .net "PC_r", 31 0, v0x6069525aa500_0;  alias, 1 drivers
v0x6069525a5ad0_0 .net "clk", 0 0, v0x6069525ad270_0;  alias, 1 drivers
v0x6069525a5b70_0 .var "instruction", 31 0;
v0x6069525a5c50_0 .net "instruction_r", 31 0, v0x6069525aabb0_0;  alias, 1 drivers
v0x6069525a5d30_0 .var "jump_target", 31 0;
v0x6069525a5e10_0 .net "jump_target_r", 31 0, L_0x6069525d1a20;  alias, 1 drivers
v0x6069525a5ed0_0 .var "memRead", 0 0;
v0x6069525a5f70_0 .net "memRead_r", 0 0, v0x6069525ab090_0;  alias, 1 drivers
v0x6069525a6030_0 .var "memWrite", 0 0;
v0x6069525a60f0_0 .net "memWrite_r", 0 0, v0x6069525ab240_0;  alias, 1 drivers
v0x6069525a61b0_0 .var "rd", 4 0;
v0x6069525a6290_0 .net "rd_r", 4 0, v0x6069525ab3f0_0;  alias, 1 drivers
v0x6069525a6370_0 .var "regWrite", 0 0;
v0x6069525a6430_0 .net "regWrite_r", 0 0, v0x6069525ab5e0_0;  alias, 1 drivers
v0x6069525a64f0_0 .var "resultSrc", 1 0;
v0x6069525a65d0_0 .net "resultSrc_r", 1 0, v0x6069525ab790_0;  alias, 1 drivers
v0x6069525a66b0_0 .var "rs1", 4 0;
v0x6069525a6790_0 .net "rs1_r", 4 0, v0x6069525ab980_0;  alias, 1 drivers
v0x6069525a6870_0 .var "rs2", 4 0;
v0x6069525a6950_0 .net "rs2_r", 4 0, v0x6069525abf70_0;  alias, 1 drivers
v0x6069525a6a30_0 .var "rs2_val", 31 0;
v0x6069525a6b10_0 .net "rs2_val_r", 31 0, v0x6069525ac160_0;  alias, 1 drivers
v0x6069525a6bd0_0 .net "rst", 0 0, v0x6069525aefc0_0;  alias, 1 drivers
E_0x6069524cd4f0 .event posedge, v0x6069525a6bd0_0, v0x6069525a5ad0_0;
S_0x6069525a9be0 .scope module, "pipe_reg" "ID_EX" 2 26, 5 188 0, S_0x60695254bea0;
 .timescale -9 -12;
    .port_info 0 /INPUT 32 "PC_r";
    .port_info 1 /INPUT 32 "instruction_r";
    .port_info 2 /INPUT 1 "clk";
    .port_info 3 /INPUT 1 "rst";
    .port_info 4 /INPUT 1 "ALUSrc_r";
    .port_info 5 /INPUT 1 "memRead_r";
    .port_info 6 /INPUT 1 "memWrite_r";
    .port_info 7 /INPUT 1 "jalr_r";
    .port_info 8 /INPUT 1 "jump_r";
    .port_info 9 /INPUT 1 "branch_r";
    .port_info 10 /INPUT 1 "regWrite_r";
    .port_info 11 /INPUT 2 "resultSrc_r";
    .port_info 12 /INPUT 4 "ALUControl_r";
    .port_info 13 /INPUT 32 "immediate_r";
    .port_info 14 /INPUT 32 "rs1_val_r";
    .port_info 15 /INPUT 32 "rs2_val_r";
    .port_info 16 /INPUT 1 "bgef3_r";
    .port_info 17 /INPUT 5 "rs1_r";
    .port_info 18 /INPUT 5 "rs2_r";
    .port_info 19 /INPUT 5 "rd_r";
    .port_info 20 /OUTPUT 32 "instruction";
    .port_info 21 /OUTPUT 32 "PC";
    .port_info 22 /OUTPUT 1 "ALUSrc";
    .port_info 23 /OUTPUT 1 "memRead";
    .port_info 24 /OUTPUT 1 "memWrite";
    .port_info 25 /OUTPUT 1 "jalr";
    .port_info 26 /OUTPUT 1 "jump";
    .port_info 27 /OUTPUT 1 "branch";
    .port_info 28 /OUTPUT 1 "regWrite";
    .port_info 29 /OUTPUT 2 "resultSrc";
    .port_info 30 /OUTPUT 4 "ALUControl";
    .port_info 31 /OUTPUT 32 "immediate";
    .port_info 32 /OUTPUT 32 "rs1_val";
    .port_info 33 /OUTPUT 32 "rs2_val";
    .port_info 34 /OUTPUT 1 "bgef3";
    .port_info 35 /OUTPUT 5 "rs1";
    .port_info 36 /OUTPUT 5 "rs2";
    .port_info 37 /OUTPUT 5 "rd";
v0x6069525aa180_0 .var "ALUControl", 3 0;
v0x6069525aa290_0 .net "ALUControl_r", 3 0, v0x6069525ac8b0_0;  1 drivers
v0x6069525aa370_0 .var "ALUSrc", 0 0;
v0x6069525aa460_0 .net "ALUSrc_r", 0 0, v0x6069525aca30_0;  1 drivers
v0x6069525aa500_0 .var "PC", 31 0;
v0x6069525aa610_0 .net "PC_r", 31 0, v0x6069525accb0_0;  1 drivers
v0x6069525aa6f0_0 .var "bgef3", 0 0;
v0x6069525aa790_0 .net "bgef3_r", 0 0, v0x6069525acff0_0;  1 drivers
v0x6069525aa830_0 .var "branch", 0 0;
v0x6069525aa8d0_0 .net "branch_r", 0 0, v0x6069525ad130_0;  1 drivers
v0x6069525aa970_0 .net "clk", 0 0, v0x6069525ad270_0;  alias, 1 drivers
v0x6069525aaa10_0 .var "immediate", 31 0;
v0x6069525aaad0_0 .net "immediate_r", 31 0, v0x6069525ad310_0;  1 drivers
v0x6069525aabb0_0 .var "instruction", 31 0;
v0x6069525aacc0_0 .net "instruction_r", 31 0, v0x6069525ad450_0;  1 drivers
v0x6069525aada0_0 .var "jalr", 0 0;
v0x6069525aae90_0 .net "jalr_r", 0 0, v0x6069525ad650_0;  1 drivers
v0x6069525aaf50_0 .var "jump", 0 0;
v0x6069525aaff0_0 .net "jump_r", 0 0, v0x6069525ad790_0;  1 drivers
v0x6069525ab090_0 .var "memRead", 0 0;
v0x6069525ab180_0 .net "memRead_r", 0 0, v0x6069525ada10_0;  1 drivers
v0x6069525ab240_0 .var "memWrite", 0 0;
v0x6069525ab330_0 .net "memWrite_r", 0 0, v0x6069525adc40_0;  1 drivers
v0x6069525ab3f0_0 .var "rd", 4 0;
v0x6069525ab500_0 .net "rd_r", 4 0, v0x6069525ade70_0;  1 drivers
v0x6069525ab5e0_0 .var "regWrite", 0 0;
v0x6069525ab6d0_0 .net "regWrite_r", 0 0, v0x6069525ae2b0_0;  1 drivers
v0x6069525ab790_0 .var "resultSrc", 1 0;
v0x6069525ab8a0_0 .net "resultSrc_r", 1 0, v0x6069525ae4e0_0;  1 drivers
v0x6069525ab980_0 .var "rs1", 4 0;
v0x6069525aba90_0 .net "rs1_r", 4 0, v0x6069525ae710_0;  1 drivers
v0x6069525abb70_0 .var "rs1_val", 31 0;
v0x6069525abc80_0 .net "rs1_val_r", 31 0, v0x6069525ae980_0;  1 drivers
v0x6069525abf70_0 .var "rs2", 4 0;
v0x6069525ac080_0 .net "rs2_r", 4 0, v0x6069525aeae0_0;  1 drivers
v0x6069525ac160_0 .var "rs2_val", 31 0;
v0x6069525ac220_0 .net "rs2_val_r", 31 0, v0x6069525aed50_0;  1 drivers
v0x6069525ac300_0 .net "rst", 0 0, v0x6069525aefc0_0;  alias, 1 drivers
S_0x60695255fb80 .scope module, "adder" "adder" 4 12;
 .timescale -9 -12;
    .port_info 0 /INPUT 32 "a";
    .port_info 1 /INPUT 32 "b";
    .port_info 2 /OUTPUT 32 "f";
o0x7372894a3838 .functor BUFZ 32, C4<zzzzzzzzzzzzzzzzzzzzzzzzzzzzzzzz>; HiZ drive
v0x6069525af060_0 .net "a", 31 0, o0x7372894a3838;  0 drivers
o0x7372894a3868 .functor BUFZ 32, C4<zzzzzzzzzzzzzzzzzzzzzzzzzzzzzzzz>; HiZ drive
v0x6069525af160_0 .net "b", 31 0, o0x7372894a3868;  0 drivers
v0x6069525af240_0 .net "f", 31 0, L_0x6069525d1f10;  1 drivers
L_0x6069525d1f10 .arith/sum 32, o0x7372894a3838, o0x7372894a3868;
S_0x60695257f190 .scope module, "decode_stage" "decode_stage" 5 3;
 .timescale -9 -12;
    .port_info 0 /INPUT 1 "clk";
    .port_info 1 /INPUT 1 "rst";
    .port_info 2 /INPUT 1 "regWrite_in";
    .port_info 3 /INPUT 32 "instruction";
    .port_info 4 /INPUT 32 "PC";
    .port_info 5 /INPUT 32 "WB_result";
    .port_info 6 /INPUT 5 "rd_in";
    .port_info 7 /OUTPUT 32 "PC_r";
    .port_info 8 /OUTPUT 32 "instruction_r";
    .port_info 9 /OUTPUT 1 "ALUSrc_r";
    .port_info 10 /OUTPUT 1 "memRead_r";
    .port_info 11 /OUTPUT 1 "memWrite_r";
    .port_info 12 /OUTPUT 1 "jalr_r";
    .port_info 13 /OUTPUT 1 "jump_r";
    .port_info 14 /OUTPUT 1 "branch_r";
    .port_info 15 /OUTPUT 1 "regWrite_r";
    .port_info 16 /OUTPUT 2 "resultSrc_r";
    .port_info 17 /OUTPUT 4 "ALUControl_r";
    .port_info 18 /OUTPUT 32 "immediate_r";
    .port_info 19 /OUTPUT 32 "rs1_val_r";
    .port_info 20 /OUTPUT 32 "rs2_val_r";
    .port_info 21 /OUTPUT 1 "bgef3_r";
    .port_info 22 /OUTPUT 5 "rs1_r";
    .port_info 23 /OUTPUT 5 "rs2_r";
    .port_info 24 /OUTPUT 5 "rd_r";
v0x6069525bcd30_0 .net "ALUControl_out", 3 0, L_0x6069525da960;  1 drivers
v0x6069525bce10_0 .net "ALUControl_r", 3 0, v0x6069525ba680_0;  1 drivers
v0x6069525bced0_0 .net "ALUOp", 1 0, L_0x6069525d5250;  1 drivers
v0x6069525bcff0_0 .net "ALUSrc_out", 0 0, L_0x6069525d2380;  1 drivers
v0x6069525bd0e0_0 .net "ALUSrc_r", 0 0, v0x6069525ba840_0;  1 drivers
o0x7372894a5ff8 .functor BUFZ 32, C4<zzzzzzzzzzzzzzzzzzzzzzzzzzzzzzzz>; HiZ drive
v0x6069525bd1d0_0 .net "PC", 31 0, o0x7372894a5ff8;  0 drivers
v0x6069525bd270_0 .net "PC_r", 31 0, v0x6069525ba9b0_0;  1 drivers
o0x7372894a5bd8 .functor BUFZ 32, C4<zzzzzzzzzzzzzzzzzzzzzzzzzzzzzzzz>; HiZ drive
v0x6069525bd310_0 .net "WB_result", 31 0, o0x7372894a5bd8;  0 drivers
v0x6069525bd3e0_0 .net "bgef3_r", 0 0, v0x6069525bab80_0;  1 drivers
v0x6069525bd4b0_0 .net "branch_out", 0 0, L_0x6069525d36f0;  1 drivers
v0x6069525bd550_0 .net "branch_r", 0 0, v0x6069525bad00_0;  1 drivers
o0x7372894a5c08 .functor BUFZ 1, C4<z>; HiZ drive
v0x6069525bd5f0_0 .net "clk", 0 0, o0x7372894a5c08;  0 drivers
v0x6069525bd6e0_0 .net "immSrc", 1 0, L_0x6069525d6150;  1 drivers
v0x6069525bd7d0_0 .net "immediate_out", 31 0, L_0x6069525d8d30;  1 drivers
v0x6069525bd8c0_0 .net "immediate_r", 31 0, v0x6069525bafc0_0;  1 drivers
o0x7372894a5b18 .functor BUFZ 32, C4<zzzzzzzzzzzzzzzzzzzzzzzzzzzzzzzz>; HiZ drive
v0x6069525bd960_0 .net "instruction", 31 0, o0x7372894a5b18;  0 drivers
v0x6069525bda50_0 .net "instruction_r", 31 0, v0x6069525bb150_0;  1 drivers
v0x6069525bdaf0_0 .net "jalr_out", 0 0, L_0x6069525d2f70;  1 drivers
v0x6069525bdbe0_0 .net "jalr_r", 0 0, v0x6069525bb300_0;  1 drivers
v0x6069525bdc80_0 .net "jump_out", 0 0, L_0x6069525d3470;  1 drivers
v0x6069525bdd70_0 .net "jump_r", 0 0, v0x6069525bb470_0;  1 drivers
v0x6069525bde10_0 .net "memRead_out", 0 0, L_0x6069525d2a30;  1 drivers
v0x6069525bdf00_0 .net "memRead_r", 0 0, v0x6069525bb5e0_0;  1 drivers
v0x6069525bdfa0_0 .net "memWrite_out", 0 0, L_0x6069525d2cf0;  1 drivers
v0x6069525be090_0 .net "memWrite_r", 0 0, v0x6069525bb750_0;  1 drivers
o0x7372894a5c68 .functor BUFZ 5, C4<zzzzz>; HiZ drive
v0x6069525be130_0 .net "rd_in", 4 0, o0x7372894a5c68;  0 drivers
v0x6069525be1d0_0 .net "rd_out", 4 0, L_0x6069525d2240;  1 drivers
v0x6069525be270_0 .net "rd_r", 4 0, v0x6069525bb8c0_0;  1 drivers
o0x7372894a5c98 .functor BUFZ 1, C4<z>; HiZ drive
v0x6069525be310_0 .net "regWrite_in", 0 0, o0x7372894a5c98;  0 drivers
v0x6069525be3e0_0 .net "regWrite_out", 0 0, L_0x6069525d3eb0;  1 drivers
v0x6069525be4d0_0 .net "regWrite_r", 0 0, v0x6069525bba60_0;  1 drivers
o0x7372894a6298 .functor BUFZ 2, C4<zz>; HiZ drive
v0x6069525be570_0 .net "resultSrc_out", 1 0, o0x7372894a6298;  0 drivers
v0x6069525be640_0 .net "resultSrc_r", 1 0, v0x6069525bbbf0_0;  1 drivers
v0x6069525be920_0 .net "rs1_out", 4 0, L_0x6069525d2020;  1 drivers
v0x6069525be9f0_0 .net "rs1_r", 4 0, v0x6069525bbd90_0;  1 drivers
v0x6069525beac0_0 .net "rs1_val_out", 31 0, v0x6069525b9ac0_0;  1 drivers
v0x6069525bebb0_0 .net "rs1_val_r", 31 0, v0x6069525bbf50_0;  1 drivers
v0x6069525bec50_0 .net "rs2_out", 4 0, L_0x6069525d20c0;  1 drivers
v0x6069525bed20_0 .net "rs2_r", 4 0, v0x6069525bc330_0;  1 drivers
v0x6069525bedf0_0 .net "rs2_val_out", 31 0, v0x6069525b9c80_0;  1 drivers
v0x6069525beee0_0 .net "rs2_val_r", 31 0, v0x6069525bc4d0_0;  1 drivers
o0x7372894a5d88 .functor BUFZ 1, C4<z>; HiZ drive
v0x6069525bef80_0 .net "rst", 0 0, o0x7372894a5d88;  0 drivers
L_0x6069525d2020 .part o0x7372894a5b18, 15, 5;
L_0x6069525d20c0 .part o0x7372894a5b18, 20, 5;
L_0x6069525d2240 .part o0x7372894a5b18, 7, 5;
L_0x6069525d6320 .part o0x7372894a5b18, 0, 7;
L_0x6069525d63c0 .part o0x7372894a5b18, 25, 7;
L_0x6069525d6460 .part o0x7372894a5b18, 12, 3;
L_0x6069525daaf0 .part o0x7372894a5b18, 12, 3;
L_0x6069525dab90 .part o0x7372894a5b18, 25, 7;
L_0x6069525dacd0 .part o0x7372894a5b18, 14, 1;
L_0x6069525dad70 .part o0x7372894a5b18, 15, 5;
L_0x6069525dae70 .part o0x7372894a5b18, 20, 5;
L_0x6069525daf10 .part o0x7372894a5b18, 7, 5;
S_0x6069525af380 .scope module, "ALUControl" "ALU_control" 5 59, 5 114 0, S_0x60695257f190;
 .timescale -9 -12;
    .port_info 0 /INPUT 3 "funct3";
    .port_info 1 /INPUT 7 "funct7";
    .port_info 2 /INPUT 2 "ALUOp";
    .port_info 3 /OUTPUT 4 "ALUControl";
L_0x6069525d9ba0 .functor AND 1, L_0x6069525d98e0, L_0x6069525d9a50, C4<1>, C4<1>;
v0x6069525af580_0 .net "ALUControl", 3 0, L_0x6069525da960;  alias, 1 drivers
v0x6069525af680_0 .net "ALUOp", 1 0, L_0x6069525d5250;  alias, 1 drivers
L_0x7372891b8140 .functor BUFT 1, C4<00>, C4<0>, C4<0>, C4<0>;
v0x6069525af760_0 .net/2u *"_ivl_0", 1 0, L_0x7372891b8140;  1 drivers
L_0x7372891b8218 .functor BUFT 1, C4<0001>, C4<0>, C4<0>, C4<0>;
v0x6069525af820_0 .net/2u *"_ivl_10", 3 0, L_0x7372891b8218;  1 drivers
L_0x7372891b8260 .functor BUFT 1, C4<001>, C4<0>, C4<0>, C4<0>;
v0x6069525af900_0 .net/2u *"_ivl_12", 2 0, L_0x7372891b8260;  1 drivers
v0x6069525afa30_0 .net *"_ivl_14", 0 0, L_0x6069525d9460;  1 drivers
L_0x7372891b82a8 .functor BUFT 1, C4<0000>, C4<0>, C4<0>, C4<0>;
v0x6069525afaf0_0 .net/2u *"_ivl_16", 3 0, L_0x7372891b82a8;  1 drivers
L_0x7372891b82f0 .functor BUFT 1, C4<000>, C4<0>, C4<0>, C4<0>;
v0x6069525afbd0_0 .net/2u *"_ivl_18", 2 0, L_0x7372891b82f0;  1 drivers
v0x6069525afcb0_0 .net *"_ivl_2", 0 0, L_0x6069525d8ec0;  1 drivers
v0x6069525afe00_0 .net *"_ivl_20", 0 0, L_0x6069525d9500;  1 drivers
L_0x7372891b8338 .functor BUFT 1, C4<0010>, C4<0>, C4<0>, C4<0>;
v0x6069525afec0_0 .net/2u *"_ivl_22", 3 0, L_0x7372891b8338;  1 drivers
L_0x7372891b8380 .functor BUFT 1, C4<101>, C4<0>, C4<0>, C4<0>;
v0x6069525affa0_0 .net/2u *"_ivl_24", 2 0, L_0x7372891b8380;  1 drivers
v0x6069525b0080_0 .net *"_ivl_26", 0 0, L_0x6069525d95f0;  1 drivers
L_0x7372891b83c8 .functor BUFT 1, C4<0011>, C4<0>, C4<0>, C4<0>;
v0x6069525b0140_0 .net/2u *"_ivl_28", 3 0, L_0x7372891b83c8;  1 drivers
L_0x7372891b8410 .functor BUFT 1, C4<111>, C4<0>, C4<0>, C4<0>;
v0x6069525b0220_0 .net/2u *"_ivl_30", 2 0, L_0x7372891b8410;  1 drivers
v0x6069525b0300_0 .net *"_ivl_32", 0 0, L_0x6069525d96e0;  1 drivers
L_0x7372891b8458 .functor BUFT 1, C4<0100>, C4<0>, C4<0>, C4<0>;
v0x6069525b03c0_0 .net/2u *"_ivl_34", 3 0, L_0x7372891b8458;  1 drivers
L_0x7372891b84a0 .functor BUFT 1, C4<100>, C4<0>, C4<0>, C4<0>;
v0x6069525b04a0_0 .net/2u *"_ivl_36", 2 0, L_0x7372891b84a0;  1 drivers
v0x6069525b0580_0 .net *"_ivl_38", 0 0, L_0x6069525d97c0;  1 drivers
L_0x7372891b8188 .functor BUFT 1, C4<0000>, C4<0>, C4<0>, C4<0>;
v0x6069525b0640_0 .net/2u *"_ivl_4", 3 0, L_0x7372891b8188;  1 drivers
L_0x7372891b84e8 .functor BUFT 1, C4<0111>, C4<0>, C4<0>, C4<0>;
v0x6069525b0720_0 .net/2u *"_ivl_40", 3 0, L_0x7372891b84e8;  1 drivers
L_0x7372891b8530 .functor BUFT 1, C4<110>, C4<0>, C4<0>, C4<0>;
v0x6069525b0800_0 .net/2u *"_ivl_42", 2 0, L_0x7372891b8530;  1 drivers
v0x6069525b08e0_0 .net *"_ivl_44", 0 0, L_0x6069525d98e0;  1 drivers
L_0x7372891b8578 .functor BUFT 1, C4<0010000>, C4<0>, C4<0>, C4<0>;
v0x6069525b09a0_0 .net/2u *"_ivl_46", 6 0, L_0x7372891b8578;  1 drivers
v0x6069525b0a80_0 .net *"_ivl_48", 0 0, L_0x6069525d9a50;  1 drivers
v0x6069525b0b40_0 .net *"_ivl_50", 0 0, L_0x6069525d9ba0;  1 drivers
L_0x7372891b85c0 .functor BUFT 1, C4<0101>, C4<0>, C4<0>, C4<0>;
v0x6069525b0c20_0 .net/2u *"_ivl_52", 3 0, L_0x7372891b85c0;  1 drivers
L_0x7372891b8608 .functor BUFT 1, C4<0110>, C4<0>, C4<0>, C4<0>;
v0x6069525b0d00_0 .net/2u *"_ivl_54", 3 0, L_0x7372891b8608;  1 drivers
v0x6069525b0de0_0 .net *"_ivl_56", 3 0, L_0x6069525d9cb0;  1 drivers
v0x6069525b0ec0_0 .net *"_ivl_58", 3 0, L_0x6069525d9e80;  1 drivers
L_0x7372891b81d0 .functor BUFT 1, C4<01>, C4<0>, C4<0>, C4<0>;
v0x6069525b0fa0_0 .net/2u *"_ivl_6", 1 0, L_0x7372891b81d0;  1 drivers
v0x6069525b1080_0 .net *"_ivl_60", 3 0, L_0x6069525da010;  1 drivers
v0x6069525b1160_0 .net *"_ivl_62", 3 0, L_0x6069525da210;  1 drivers
v0x6069525b1450_0 .net *"_ivl_64", 3 0, L_0x6069525da3a0;  1 drivers
v0x6069525b1530_0 .net *"_ivl_66", 3 0, L_0x6069525da5b0;  1 drivers
v0x6069525b1610_0 .net *"_ivl_68", 3 0, L_0x6069525da740;  1 drivers
v0x6069525b16f0_0 .net *"_ivl_8", 0 0, L_0x6069525d8f60;  1 drivers
v0x6069525b17b0_0 .net "funct3", 2 0, L_0x6069525daaf0;  1 drivers
v0x6069525b1890_0 .net "funct7", 6 0, L_0x6069525dab90;  1 drivers
L_0x6069525d8ec0 .cmp/eq 2, L_0x6069525d5250, L_0x7372891b8140;
L_0x6069525d8f60 .cmp/eq 2, L_0x6069525d5250, L_0x7372891b81d0;
L_0x6069525d9460 .cmp/eq 3, L_0x6069525daaf0, L_0x7372891b8260;
L_0x6069525d9500 .cmp/eq 3, L_0x6069525daaf0, L_0x7372891b82f0;
L_0x6069525d95f0 .cmp/eq 3, L_0x6069525daaf0, L_0x7372891b8380;
L_0x6069525d96e0 .cmp/eq 3, L_0x6069525daaf0, L_0x7372891b8410;
L_0x6069525d97c0 .cmp/eq 3, L_0x6069525daaf0, L_0x7372891b84a0;
L_0x6069525d98e0 .cmp/eq 3, L_0x6069525daaf0, L_0x7372891b8530;
L_0x6069525d9a50 .cmp/eq 7, L_0x6069525dab90, L_0x7372891b8578;
L_0x6069525d9cb0 .functor MUXZ 4, L_0x7372891b8608, L_0x7372891b85c0, L_0x6069525d9ba0, C4<>;
L_0x6069525d9e80 .functor MUXZ 4, L_0x6069525d9cb0, L_0x7372891b84e8, L_0x6069525d97c0, C4<>;
L_0x6069525da010 .functor MUXZ 4, L_0x6069525d9e80, L_0x7372891b8458, L_0x6069525d96e0, C4<>;
L_0x6069525da210 .functor MUXZ 4, L_0x6069525da010, L_0x7372891b83c8, L_0x6069525d95f0, C4<>;
L_0x6069525da3a0 .functor MUXZ 4, L_0x6069525da210, L_0x7372891b8338, L_0x6069525d9500, C4<>;
L_0x6069525da5b0 .functor MUXZ 4, L_0x6069525da3a0, L_0x7372891b82a8, L_0x6069525d9460, C4<>;
L_0x6069525da740 .functor MUXZ 4, L_0x6069525da5b0, L_0x7372891b8218, L_0x6069525d8f60, C4<>;
L_0x6069525da960 .functor MUXZ 4, L_0x6069525da740, L_0x7372891b8188, L_0x6069525d8ec0, C4<>;
S_0x6069525b19f0 .scope module, "CU" "control_unit" 5 33, 5 86 0, S_0x60695257f190;
 .timescale -9 -12;
    .port_info 0 /INPUT 7 "opcode";
    .port_info 1 /INPUT 7 "funct7";
    .port_info 2 /INPUT 3 "funct3";
    .port_info 3 /OUTPUT 1 "ALUSrc";
    .port_info 4 /OUTPUT 2 "ALUOp";
    .port_info 5 /OUTPUT 1 "memRead";
    .port_info 6 /OUTPUT 1 "memWrite";
    .port_info 7 /OUTPUT 1 "jalr";
    .port_info 8 /OUTPUT 1 "jump";
    .port_info 9 /OUTPUT 1 "branch";
    .port_info 10 /OUTPUT 1 "regWrite";
    .port_info 11 /OUTPUT 2 "resultSrc";
    .port_info 12 /OUTPUT 2 "immSrc";
L_0x6069525d1fb0 .functor AND 1, L_0x6069525d2510, L_0x6069525d2740, C4<1>, C4<1>;
L_0x6069525d3360 .functor OR 1, L_0x6069525d3110, L_0x6069525d3200, C4<0>, C4<0>;
L_0x6069525d32f0 .functor OR 1, L_0x6069525d3880, L_0x6069525d3d20, C4<0>, C4<0>;
L_0x6069525d4370 .functor OR 1, L_0x6069525d40e0, L_0x6069525d41d0, C4<0>, C4<0>;
L_0x6069525d4810 .functor AND 1, L_0x6069525d3f50, L_0x6069525d46d0, C4<1>, C4<1>;
L_0x6069525d58d0 .functor OR 1, L_0x6069525d53e0, L_0x6069525d55d0, C4<0>, C4<0>;
v0x6069525b1c10_0 .net "ALUOp", 1 0, L_0x6069525d5250;  alias, 1 drivers
v0x6069525b1cd0_0 .net "ALUSrc", 0 0, L_0x6069525d2380;  alias, 1 drivers
L_0x7372891b72e8 .functor BUFT 1, C4<0110100>, C4<0>, C4<0>, C4<0>;
v0x6069525b1d70_0 .net/2u *"_ivl_0", 6 0, L_0x7372891b72e8;  1 drivers
L_0x7372891b73c0 .functor BUFT 1, C4<0110100>, C4<0>, C4<0>, C4<0>;
v0x6069525b1e30_0 .net/2u *"_ivl_10", 6 0, L_0x7372891b73c0;  1 drivers
v0x6069525b1f10_0 .net *"_ivl_100", 0 0, L_0x6069525d4370;  1 drivers
L_0x7372891b7a80 .functor BUFT 1, C4<10>, C4<0>, C4<0>, C4<0>;
v0x6069525b2040_0 .net/2u *"_ivl_102", 1 0, L_0x7372891b7a80;  1 drivers
L_0x7372891b7ac8 .functor BUFT 1, C4<0110100>, C4<0>, C4<0>, C4<0>;
v0x6069525b2120_0 .net/2u *"_ivl_104", 6 0, L_0x7372891b7ac8;  1 drivers
v0x6069525b2200_0 .net *"_ivl_106", 0 0, L_0x6069525d3f50;  1 drivers
v0x6069525b22c0_0 .net *"_ivl_108", 6 0, L_0x6069525d44d0;  1 drivers
L_0x7372891b7b10 .functor BUFT 1, C4<0000>, C4<0>, C4<0>, C4<0>;
v0x6069525b23a0_0 .net *"_ivl_111", 3 0, L_0x7372891b7b10;  1 drivers
L_0x7372891b7b58 .functor BUFT 1, C4<0000011>, C4<0>, C4<0>, C4<0>;
v0x6069525b2480_0 .net/2u *"_ivl_112", 6 0, L_0x7372891b7b58;  1 drivers
v0x6069525b2560_0 .net *"_ivl_114", 0 0, L_0x6069525d46d0;  1 drivers
v0x6069525b2620_0 .net *"_ivl_116", 0 0, L_0x6069525d4810;  1 drivers
L_0x7372891b7ba0 .functor BUFT 1, C4<01>, C4<0>, C4<0>, C4<0>;
v0x6069525b2700_0 .net/2u *"_ivl_118", 1 0, L_0x7372891b7ba0;  1 drivers
v0x6069525b27e0_0 .net *"_ivl_12", 0 0, L_0x6069525d2510;  1 drivers
L_0x7372891b7be8 .functor BUFT 1, C4<00>, C4<0>, C4<0>, C4<0>;
v0x6069525b28a0_0 .net/2u *"_ivl_120", 1 0, L_0x7372891b7be8;  1 drivers
v0x6069525b2980_0 .net *"_ivl_122", 1 0, L_0x6069525d4920;  1 drivers
L_0x7372891b7c30 .functor BUFT 1, C4<0110100>, C4<0>, C4<0>, C4<0>;
v0x6069525b2a60_0 .net/2u *"_ivl_126", 6 0, L_0x7372891b7c30;  1 drivers
v0x6069525b2b40_0 .net *"_ivl_128", 0 0, L_0x6069525d4d10;  1 drivers
L_0x7372891b7c78 .functor BUFT 1, C4<00>, C4<0>, C4<0>, C4<0>;
v0x6069525b2c00_0 .net/2u *"_ivl_130", 1 0, L_0x7372891b7c78;  1 drivers
L_0x7372891b7cc0 .functor BUFT 1, C4<1100100>, C4<0>, C4<0>, C4<0>;
v0x6069525b2ce0_0 .net/2u *"_ivl_132", 6 0, L_0x7372891b7cc0;  1 drivers
v0x6069525b2dc0_0 .net *"_ivl_134", 0 0, L_0x6069525d4ee0;  1 drivers
L_0x7372891b7d08 .functor BUFT 1, C4<10>, C4<0>, C4<0>, C4<0>;
v0x6069525b2e80_0 .net/2u *"_ivl_136", 1 0, L_0x7372891b7d08;  1 drivers
L_0x7372891b7d50 .functor BUFT 1, C4<01>, C4<0>, C4<0>, C4<0>;
v0x6069525b2f60_0 .net/2u *"_ivl_138", 1 0, L_0x7372891b7d50;  1 drivers
v0x6069525b3040_0 .net *"_ivl_14", 6 0, L_0x6069525d2650;  1 drivers
v0x6069525b3120_0 .net *"_ivl_140", 1 0, L_0x6069525d4fd0;  1 drivers
L_0x7372891b7d98 .functor BUFT 1, C4<0010100>, C4<0>, C4<0>, C4<0>;
v0x6069525b3200_0 .net/2u *"_ivl_144", 6 0, L_0x7372891b7d98;  1 drivers
v0x6069525b32e0_0 .net *"_ivl_146", 0 0, L_0x6069525d53e0;  1 drivers
L_0x7372891b7de0 .functor BUFT 1, C4<1101000>, C4<0>, C4<0>, C4<0>;
v0x6069525b33a0_0 .net/2u *"_ivl_148", 6 0, L_0x7372891b7de0;  1 drivers
v0x6069525b3480_0 .net *"_ivl_150", 0 0, L_0x6069525d55d0;  1 drivers
v0x6069525b3540_0 .net *"_ivl_152", 0 0, L_0x6069525d58d0;  1 drivers
L_0x7372891b7e28 .functor BUFT 1, C4<00>, C4<0>, C4<0>, C4<0>;
v0x6069525b3620_0 .net/2u *"_ivl_154", 1 0, L_0x7372891b7e28;  1 drivers
L_0x7372891b7e70 .functor BUFT 1, C4<0100100>, C4<0>, C4<0>, C4<0>;
v0x6069525b3700_0 .net/2u *"_ivl_156", 6 0, L_0x7372891b7e70;  1 drivers
v0x6069525b39f0_0 .net *"_ivl_158", 0 0, L_0x6069525d5a20;  1 drivers
L_0x7372891b7eb8 .functor BUFT 1, C4<01>, C4<0>, C4<0>, C4<0>;
v0x6069525b3ab0_0 .net/2u *"_ivl_160", 1 0, L_0x7372891b7eb8;  1 drivers
L_0x7372891b7f00 .functor BUFT 1, C4<1100100>, C4<0>, C4<0>, C4<0>;
v0x6069525b3b90_0 .net/2u *"_ivl_162", 6 0, L_0x7372891b7f00;  1 drivers
v0x6069525b3c70_0 .net *"_ivl_164", 0 0, L_0x6069525d5c20;  1 drivers
L_0x7372891b7f48 .functor BUFT 1, C4<10>, C4<0>, C4<0>, C4<0>;
v0x6069525b3d30_0 .net/2u *"_ivl_166", 1 0, L_0x7372891b7f48;  1 drivers
L_0x7372891b7f90 .functor BUFT 1, C4<11>, C4<0>, C4<0>, C4<0>;
v0x6069525b3e10_0 .net/2u *"_ivl_168", 1 0, L_0x7372891b7f90;  1 drivers
L_0x7372891b7408 .functor BUFT 1, C4<0000>, C4<0>, C4<0>, C4<0>;
v0x6069525b3ef0_0 .net *"_ivl_17", 3 0, L_0x7372891b7408;  1 drivers
v0x6069525b3fd0_0 .net *"_ivl_170", 1 0, L_0x6069525d5d10;  1 drivers
v0x6069525b40b0_0 .net *"_ivl_172", 1 0, L_0x6069525d5fc0;  1 drivers
L_0x7372891b7450 .functor BUFT 1, C4<0000011>, C4<0>, C4<0>, C4<0>;
v0x6069525b4190_0 .net/2u *"_ivl_18", 6 0, L_0x7372891b7450;  1 drivers
v0x6069525b4270_0 .net *"_ivl_2", 0 0, L_0x6069525d22e0;  1 drivers
v0x6069525b4330_0 .net *"_ivl_20", 0 0, L_0x6069525d2740;  1 drivers
v0x6069525b43f0_0 .net *"_ivl_22", 0 0, L_0x6069525d1fb0;  1 drivers
L_0x7372891b7498 .functor BUFT 1, C4<1>, C4<0>, C4<0>, C4<0>;
v0x6069525b44d0_0 .net/2u *"_ivl_24", 0 0, L_0x7372891b7498;  1 drivers
L_0x7372891b74e0 .functor BUFT 1, C4<0>, C4<0>, C4<0>, C4<0>;
v0x6069525b45b0_0 .net/2u *"_ivl_26", 0 0, L_0x7372891b74e0;  1 drivers
L_0x7372891b7528 .functor BUFT 1, C4<0100100>, C4<0>, C4<0>, C4<0>;
v0x6069525b4690_0 .net/2u *"_ivl_30", 6 0, L_0x7372891b7528;  1 drivers
v0x6069525b4770_0 .net *"_ivl_32", 0 0, L_0x6069525d2c00;  1 drivers
L_0x7372891b7570 .functor BUFT 1, C4<1>, C4<0>, C4<0>, C4<0>;
v0x6069525b4830_0 .net/2u *"_ivl_34", 0 0, L_0x7372891b7570;  1 drivers
L_0x7372891b75b8 .functor BUFT 1, C4<0>, C4<0>, C4<0>, C4<0>;
v0x6069525b4910_0 .net/2u *"_ivl_36", 0 0, L_0x7372891b75b8;  1 drivers
L_0x7372891b7330 .functor BUFT 1, C4<0>, C4<0>, C4<0>, C4<0>;
v0x6069525b49f0_0 .net/2u *"_ivl_4", 0 0, L_0x7372891b7330;  1 drivers
L_0x7372891b7600 .functor BUFT 1, C4<1101000>, C4<0>, C4<0>, C4<0>;
v0x6069525b4ad0_0 .net/2u *"_ivl_40", 6 0, L_0x7372891b7600;  1 drivers
v0x6069525b4bb0_0 .net *"_ivl_42", 0 0, L_0x6069525d2ed0;  1 drivers
L_0x7372891b7648 .functor BUFT 1, C4<1>, C4<0>, C4<0>, C4<0>;
v0x6069525b4c70_0 .net/2u *"_ivl_44", 0 0, L_0x7372891b7648;  1 drivers
L_0x7372891b7690 .functor BUFT 1, C4<0>, C4<0>, C4<0>, C4<0>;
v0x6069525b4d50_0 .net/2u *"_ivl_46", 0 0, L_0x7372891b7690;  1 drivers
L_0x7372891b76d8 .functor BUFT 1, C4<1101000>, C4<0>, C4<0>, C4<0>;
v0x6069525b4e30_0 .net/2u *"_ivl_50", 6 0, L_0x7372891b76d8;  1 drivers
v0x6069525b4f10_0 .net *"_ivl_52", 0 0, L_0x6069525d3110;  1 drivers
L_0x7372891b7720 .functor BUFT 1, C4<1110000>, C4<0>, C4<0>, C4<0>;
v0x6069525b4fd0_0 .net/2u *"_ivl_54", 6 0, L_0x7372891b7720;  1 drivers
v0x6069525b50b0_0 .net *"_ivl_56", 0 0, L_0x6069525d3200;  1 drivers
v0x6069525b5170_0 .net *"_ivl_58", 0 0, L_0x6069525d3360;  1 drivers
L_0x7372891b7378 .functor BUFT 1, C4<1>, C4<0>, C4<0>, C4<0>;
v0x6069525b5250_0 .net/2u *"_ivl_6", 0 0, L_0x7372891b7378;  1 drivers
L_0x7372891b7768 .functor BUFT 1, C4<1>, C4<0>, C4<0>, C4<0>;
v0x6069525b5330_0 .net/2u *"_ivl_60", 0 0, L_0x7372891b7768;  1 drivers
L_0x7372891b77b0 .functor BUFT 1, C4<0>, C4<0>, C4<0>, C4<0>;
v0x6069525b5410_0 .net/2u *"_ivl_62", 0 0, L_0x7372891b77b0;  1 drivers
L_0x7372891b77f8 .functor BUFT 1, C4<1100100>, C4<0>, C4<0>, C4<0>;
v0x6069525b58c0_0 .net/2u *"_ivl_66", 6 0, L_0x7372891b77f8;  1 drivers
v0x6069525b5960_0 .net *"_ivl_68", 0 0, L_0x6069525d3600;  1 drivers
L_0x7372891b7840 .functor BUFT 1, C4<1>, C4<0>, C4<0>, C4<0>;
v0x6069525b5a20_0 .net/2u *"_ivl_70", 0 0, L_0x7372891b7840;  1 drivers
L_0x7372891b7888 .functor BUFT 1, C4<0>, C4<0>, C4<0>, C4<0>;
v0x6069525b5b00_0 .net/2u *"_ivl_72", 0 0, L_0x7372891b7888;  1 drivers
L_0x7372891b78d0 .functor BUFT 1, C4<1100100>, C4<0>, C4<0>, C4<0>;
v0x6069525b5be0_0 .net/2u *"_ivl_76", 6 0, L_0x7372891b78d0;  1 drivers
v0x6069525b5cc0_0 .net *"_ivl_78", 0 0, L_0x6069525d3880;  1 drivers
L_0x7372891b7918 .functor BUFT 1, C4<0100100>, C4<0>, C4<0>, C4<0>;
v0x6069525b5d80_0 .net/2u *"_ivl_80", 6 0, L_0x7372891b7918;  1 drivers
v0x6069525b5e60_0 .net *"_ivl_82", 0 0, L_0x6069525d3d20;  1 drivers
v0x6069525b5f20_0 .net *"_ivl_84", 0 0, L_0x6069525d32f0;  1 drivers
L_0x7372891b7960 .functor BUFT 1, C4<0>, C4<0>, C4<0>, C4<0>;
v0x6069525b6000_0 .net/2u *"_ivl_86", 0 0, L_0x7372891b7960;  1 drivers
L_0x7372891b79a8 .functor BUFT 1, C4<1>, C4<0>, C4<0>, C4<0>;
v0x6069525b60e0_0 .net/2u *"_ivl_88", 0 0, L_0x7372891b79a8;  1 drivers
L_0x7372891b79f0 .functor BUFT 1, C4<1101000>, C4<0>, C4<0>, C4<0>;
v0x6069525b61c0_0 .net/2u *"_ivl_92", 6 0, L_0x7372891b79f0;  1 drivers
v0x6069525b62a0_0 .net *"_ivl_94", 0 0, L_0x6069525d40e0;  1 drivers
L_0x7372891b7a38 .functor BUFT 1, C4<1110000>, C4<0>, C4<0>, C4<0>;
v0x6069525b6360_0 .net/2u *"_ivl_96", 6 0, L_0x7372891b7a38;  1 drivers
v0x6069525b6440_0 .net *"_ivl_98", 0 0, L_0x6069525d41d0;  1 drivers
v0x6069525b6500_0 .net "branch", 0 0, L_0x6069525d36f0;  alias, 1 drivers
v0x6069525b65c0_0 .net "funct3", 2 0, L_0x6069525d6460;  1 drivers
v0x6069525b66a0_0 .net "funct7", 6 0, L_0x6069525d63c0;  1 drivers
v0x6069525b6780_0 .net "immSrc", 1 0, L_0x6069525d6150;  alias, 1 drivers
v0x6069525b6860_0 .net "jalr", 0 0, L_0x6069525d2f70;  alias, 1 drivers
v0x6069525b6920_0 .net "jump", 0 0, L_0x6069525d3470;  alias, 1 drivers
v0x6069525b69e0_0 .net "memRead", 0 0, L_0x6069525d2a30;  alias, 1 drivers
v0x6069525b6aa0_0 .net "memWrite", 0 0, L_0x6069525d2cf0;  alias, 1 drivers
v0x6069525b6b60_0 .net "opcode", 6 0, L_0x6069525d6320;  1 drivers
v0x6069525b6c40_0 .net "regWrite", 0 0, L_0x6069525d3eb0;  alias, 1 drivers
v0x6069525b6d00_0 .net "resultSrc", 1 0, L_0x6069525d4b80;  1 drivers
L_0x6069525d22e0 .cmp/eq 7, L_0x6069525d6320, L_0x7372891b72e8;
L_0x6069525d2380 .functor MUXZ 1, L_0x7372891b7378, L_0x7372891b7330, L_0x6069525d22e0, C4<>;
L_0x6069525d2510 .cmp/eq 7, L_0x6069525d6320, L_0x7372891b73c0;
L_0x6069525d2650 .concat [ 3 4 0 0], L_0x6069525d6460, L_0x7372891b7408;
L_0x6069525d2740 .cmp/eq 7, L_0x6069525d2650, L_0x7372891b7450;
L_0x6069525d2a30 .functor MUXZ 1, L_0x7372891b74e0, L_0x7372891b7498, L_0x6069525d1fb0, C4<>;
L_0x6069525d2c00 .cmp/eq 7, L_0x6069525d6320, L_0x7372891b7528;
L_0x6069525d2cf0 .functor MUXZ 1, L_0x7372891b75b8, L_0x7372891b7570, L_0x6069525d2c00, C4<>;
L_0x6069525d2ed0 .cmp/eq 7, L_0x6069525d6320, L_0x7372891b7600;
L_0x6069525d2f70 .functor MUXZ 1, L_0x7372891b7690, L_0x7372891b7648, L_0x6069525d2ed0, C4<>;
L_0x6069525d3110 .cmp/eq 7, L_0x6069525d6320, L_0x7372891b76d8;
L_0x6069525d3200 .cmp/eq 7, L_0x6069525d6320, L_0x7372891b7720;
L_0x6069525d3470 .functor MUXZ 1, L_0x7372891b77b0, L_0x7372891b7768, L_0x6069525d3360, C4<>;
L_0x6069525d3600 .cmp/eq 7, L_0x6069525d6320, L_0x7372891b77f8;
L_0x6069525d36f0 .functor MUXZ 1, L_0x7372891b7888, L_0x7372891b7840, L_0x6069525d3600, C4<>;
L_0x6069525d3880 .cmp/eq 7, L_0x6069525d6320, L_0x7372891b78d0;
L_0x6069525d3d20 .cmp/eq 7, L_0x6069525d6320, L_0x7372891b7918;
L_0x6069525d3eb0 .functor MUXZ 1, L_0x7372891b79a8, L_0x7372891b7960, L_0x6069525d32f0, C4<>;
L_0x6069525d40e0 .cmp/eq 7, L_0x6069525d6320, L_0x7372891b79f0;
L_0x6069525d41d0 .cmp/eq 7, L_0x6069525d6320, L_0x7372891b7a38;
L_0x6069525d3f50 .cmp/eq 7, L_0x6069525d6320, L_0x7372891b7ac8;
L_0x6069525d44d0 .concat [ 3 4 0 0], L_0x6069525d6460, L_0x7372891b7b10;
L_0x6069525d46d0 .cmp/eq 7, L_0x6069525d44d0, L_0x7372891b7b58;
L_0x6069525d4920 .functor MUXZ 2, L_0x7372891b7be8, L_0x7372891b7ba0, L_0x6069525d4810, C4<>;
L_0x6069525d4b80 .functor MUXZ 2, L_0x6069525d4920, L_0x7372891b7a80, L_0x6069525d4370, C4<>;
L_0x6069525d4d10 .cmp/eq 7, L_0x6069525d6320, L_0x7372891b7c30;
L_0x6069525d4ee0 .cmp/eq 7, L_0x6069525d6320, L_0x7372891b7cc0;
L_0x6069525d4fd0 .functor MUXZ 2, L_0x7372891b7d50, L_0x7372891b7d08, L_0x6069525d4ee0, C4<>;
L_0x6069525d5250 .functor MUXZ 2, L_0x6069525d4fd0, L_0x7372891b7c78, L_0x6069525d4d10, C4<>;
L_0x6069525d53e0 .cmp/eq 7, L_0x6069525d6320, L_0x7372891b7d98;
L_0x6069525d55d0 .cmp/eq 7, L_0x6069525d6320, L_0x7372891b7de0;
L_0x6069525d5a20 .cmp/eq 7, L_0x6069525d6320, L_0x7372891b7e70;
L_0x6069525d5c20 .cmp/eq 7, L_0x6069525d6320, L_0x7372891b7f00;
L_0x6069525d5d10 .functor MUXZ 2, L_0x7372891b7f90, L_0x7372891b7f48, L_0x6069525d5c20, C4<>;
L_0x6069525d5fc0 .functor MUXZ 2, L_0x6069525d5d10, L_0x7372891b7eb8, L_0x6069525d5a20, C4<>;
L_0x6069525d6150 .functor MUXZ 2, L_0x6069525d5fc0, L_0x7372891b7e28, L_0x6069525d58d0, C4<>;
S_0x6069525b6ff0 .scope module, "IMM" "imm_gen" 5 49, 5 135 0, S_0x60695257f190;
 .timescale -9 -12;
    .port_info 0 /INPUT 32 "inst";
    .port_info 1 /INPUT 2 "immSrc";
    .port_info 2 /OUTPUT 32 "immediate";
L_0x7372891b7fd8 .functor BUFT 1, C4<00>, C4<0>, C4<0>, C4<0>;
v0x6069525b71d0_0 .net/2u *"_ivl_0", 1 0, L_0x7372891b7fd8;  1 drivers
v0x6069525b72d0_0 .net *"_ivl_10", 31 0, L_0x6069525d6a20;  1 drivers
L_0x7372891b8020 .functor BUFT 1, C4<01>, C4<0>, C4<0>, C4<0>;
v0x6069525b73b0_0 .net/2u *"_ivl_12", 1 0, L_0x7372891b8020;  1 drivers
v0x6069525b7470_0 .net *"_ivl_14", 0 0, L_0x6069525d6b10;  1 drivers
v0x6069525b7530_0 .net *"_ivl_17", 0 0, L_0x6069525d6c40;  1 drivers
v0x6069525b7660_0 .net *"_ivl_18", 19 0, L_0x6069525d6ce0;  1 drivers
v0x6069525b7740_0 .net *"_ivl_2", 0 0, L_0x6069525d6540;  1 drivers
v0x6069525b7800_0 .net *"_ivl_21", 6 0, L_0x6069525d7030;  1 drivers
v0x6069525b78e0_0 .net *"_ivl_23", 4 0, L_0x6069525d70d0;  1 drivers
v0x6069525b79c0_0 .net *"_ivl_24", 31 0, L_0x6069525d71d0;  1 drivers
L_0x7372891b8068 .functor BUFT 1, C4<10>, C4<0>, C4<0>, C4<0>;
v0x6069525b7aa0_0 .net/2u *"_ivl_26", 1 0, L_0x7372891b8068;  1 drivers
v0x6069525b7b80_0 .net *"_ivl_28", 0 0, L_0x6069525d72c0;  1 drivers
v0x6069525b7c40_0 .net *"_ivl_31", 0 0, L_0x6069525d7420;  1 drivers
v0x6069525b7d20_0 .net *"_ivl_32", 18 0, L_0x6069525d74c0;  1 drivers
v0x6069525b7e00_0 .net *"_ivl_35", 0 0, L_0x6069525d7870;  1 drivers
v0x6069525b7ee0_0 .net *"_ivl_37", 0 0, L_0x6069525d7910;  1 drivers
v0x6069525b7fc0_0 .net *"_ivl_39", 5 0, L_0x6069525d7c50;  1 drivers
v0x6069525b80a0_0 .net *"_ivl_41", 3 0, L_0x6069525d7cf0;  1 drivers
L_0x7372891b80b0 .functor BUFT 1, C4<0>, C4<0>, C4<0>, C4<0>;
v0x6069525b8180_0 .net/2u *"_ivl_42", 0 0, L_0x7372891b80b0;  1 drivers
v0x6069525b8260_0 .net *"_ivl_44", 31 0, L_0x6069525d7e30;  1 drivers
v0x6069525b8340_0 .net *"_ivl_47", 0 0, L_0x6069525d8060;  1 drivers
v0x6069525b8420_0 .net *"_ivl_48", 10 0, L_0x6069525d7d90;  1 drivers
v0x6069525b8500_0 .net *"_ivl_5", 0 0, L_0x6069525d65e0;  1 drivers
v0x6069525b85e0_0 .net *"_ivl_51", 0 0, L_0x6069525d8200;  1 drivers
v0x6069525b86c0_0 .net *"_ivl_53", 7 0, L_0x6069525d8360;  1 drivers
v0x6069525b87a0_0 .net *"_ivl_55", 0 0, L_0x6069525d8400;  1 drivers
v0x6069525b8880_0 .net *"_ivl_57", 9 0, L_0x6069525d8570;  1 drivers
L_0x7372891b80f8 .functor BUFT 1, C4<0>, C4<0>, C4<0>, C4<0>;
v0x6069525b8960_0 .net/2u *"_ivl_58", 0 0, L_0x7372891b80f8;  1 drivers
v0x6069525b8a40_0 .net *"_ivl_6", 19 0, L_0x6069525d6680;  1 drivers
v0x6069525b8b20_0 .net *"_ivl_60", 31 0, L_0x6069525d8610;  1 drivers
v0x6069525b8c00_0 .net *"_ivl_62", 31 0, L_0x6069525d8920;  1 drivers
v0x6069525b8ce0_0 .net *"_ivl_64", 31 0, L_0x6069525d8ab0;  1 drivers
v0x6069525b8dc0_0 .net *"_ivl_9", 11 0, L_0x6069525d6980;  1 drivers
v0x6069525b8ea0_0 .net "immSrc", 1 0, L_0x6069525d6150;  alias, 1 drivers
v0x6069525b8f60_0 .net "immediate", 31 0, L_0x6069525d8d30;  alias, 1 drivers
v0x6069525b9020_0 .net "inst", 31 0, o0x7372894a5b18;  alias, 0 drivers
L_0x6069525d6540 .cmp/eq 2, L_0x6069525d6150, L_0x7372891b7fd8;
L_0x6069525d65e0 .part o0x7372894a5b18, 31, 1;
LS_0x6069525d6680_0_0 .concat [ 1 1 1 1], L_0x6069525d65e0, L_0x6069525d65e0, L_0x6069525d65e0, L_0x6069525d65e0;
LS_0x6069525d6680_0_4 .concat [ 1 1 1 1], L_0x6069525d65e0, L_0x6069525d65e0, L_0x6069525d65e0, L_0x6069525d65e0;
LS_0x6069525d6680_0_8 .concat [ 1 1 1 1], L_0x6069525d65e0, L_0x6069525d65e0, L_0x6069525d65e0, L_0x6069525d65e0;
LS_0x6069525d6680_0_12 .concat [ 1 1 1 1], L_0x6069525d65e0, L_0x6069525d65e0, L_0x6069525d65e0, L_0x6069525d65e0;
LS_0x6069525d6680_0_16 .concat [ 1 1 1 1], L_0x6069525d65e0, L_0x6069525d65e0, L_0x6069525d65e0, L_0x6069525d65e0;
LS_0x6069525d6680_1_0 .concat [ 4 4 4 4], LS_0x6069525d6680_0_0, LS_0x6069525d6680_0_4, LS_0x6069525d6680_0_8, LS_0x6069525d6680_0_12;
LS_0x6069525d6680_1_4 .concat [ 4 0 0 0], LS_0x6069525d6680_0_16;
L_0x6069525d6680 .concat [ 16 4 0 0], LS_0x6069525d6680_1_0, LS_0x6069525d6680_1_4;
L_0x6069525d6980 .part o0x7372894a5b18, 20, 12;
L_0x6069525d6a20 .concat [ 12 20 0 0], L_0x6069525d6980, L_0x6069525d6680;
L_0x6069525d6b10 .cmp/eq 2, L_0x6069525d6150, L_0x7372891b8020;
L_0x6069525d6c40 .part o0x7372894a5b18, 31, 1;
LS_0x6069525d6ce0_0_0 .concat [ 1 1 1 1], L_0x6069525d6c40, L_0x6069525d6c40, L_0x6069525d6c40, L_0x6069525d6c40;
LS_0x6069525d6ce0_0_4 .concat [ 1 1 1 1], L_0x6069525d6c40, L_0x6069525d6c40, L_0x6069525d6c40, L_0x6069525d6c40;
LS_0x6069525d6ce0_0_8 .concat [ 1 1 1 1], L_0x6069525d6c40, L_0x6069525d6c40, L_0x6069525d6c40, L_0x6069525d6c40;
LS_0x6069525d6ce0_0_12 .concat [ 1 1 1 1], L_0x6069525d6c40, L_0x6069525d6c40, L_0x6069525d6c40, L_0x6069525d6c40;
LS_0x6069525d6ce0_0_16 .concat [ 1 1 1 1], L_0x6069525d6c40, L_0x6069525d6c40, L_0x6069525d6c40, L_0x6069525d6c40;
LS_0x6069525d6ce0_1_0 .concat [ 4 4 4 4], LS_0x6069525d6ce0_0_0, LS_0x6069525d6ce0_0_4, LS_0x6069525d6ce0_0_8, LS_0x6069525d6ce0_0_12;
LS_0x6069525d6ce0_1_4 .concat [ 4 0 0 0], LS_0x6069525d6ce0_0_16;
L_0x6069525d6ce0 .concat [ 16 4 0 0], LS_0x6069525d6ce0_1_0, LS_0x6069525d6ce0_1_4;
L_0x6069525d7030 .part o0x7372894a5b18, 25, 7;
L_0x6069525d70d0 .part o0x7372894a5b18, 7, 5;
L_0x6069525d71d0 .concat [ 5 7 20 0], L_0x6069525d70d0, L_0x6069525d7030, L_0x6069525d6ce0;
L_0x6069525d72c0 .cmp/eq 2, L_0x6069525d6150, L_0x7372891b8068;
L_0x6069525d7420 .part o0x7372894a5b18, 31, 1;
LS_0x6069525d74c0_0_0 .concat [ 1 1 1 1], L_0x6069525d7420, L_0x6069525d7420, L_0x6069525d7420, L_0x6069525d7420;
LS_0x6069525d74c0_0_4 .concat [ 1 1 1 1], L_0x6069525d7420, L_0x6069525d7420, L_0x6069525d7420, L_0x6069525d7420;
LS_0x6069525d74c0_0_8 .concat [ 1 1 1 1], L_0x6069525d7420, L_0x6069525d7420, L_0x6069525d7420, L_0x6069525d7420;
LS_0x6069525d74c0_0_12 .concat [ 1 1 1 1], L_0x6069525d7420, L_0x6069525d7420, L_0x6069525d7420, L_0x6069525d7420;
LS_0x6069525d74c0_0_16 .concat [ 1 1 1 0], L_0x6069525d7420, L_0x6069525d7420, L_0x6069525d7420;
LS_0x6069525d74c0_1_0 .concat [ 4 4 4 4], LS_0x6069525d74c0_0_0, LS_0x6069525d74c0_0_4, LS_0x6069525d74c0_0_8, LS_0x6069525d74c0_0_12;
LS_0x6069525d74c0_1_4 .concat [ 3 0 0 0], LS_0x6069525d74c0_0_16;
L_0x6069525d74c0 .concat [ 16 3 0 0], LS_0x6069525d74c0_1_0, LS_0x6069525d74c0_1_4;
L_0x6069525d7870 .part o0x7372894a5b18, 31, 1;
L_0x6069525d7910 .part o0x7372894a5b18, 7, 1;
L_0x6069525d7c50 .part o0x7372894a5b18, 25, 6;
L_0x6069525d7cf0 .part o0x7372894a5b18, 8, 4;
LS_0x6069525d7e30_0_0 .concat [ 1 4 6 1], L_0x7372891b80b0, L_0x6069525d7cf0, L_0x6069525d7c50, L_0x6069525d7910;
LS_0x6069525d7e30_0_4 .concat [ 1 19 0 0], L_0x6069525d7870, L_0x6069525d74c0;
L_0x6069525d7e30 .concat [ 12 20 0 0], LS_0x6069525d7e30_0_0, LS_0x6069525d7e30_0_4;
L_0x6069525d8060 .part o0x7372894a5b18, 31, 1;
LS_0x6069525d7d90_0_0 .concat [ 1 1 1 1], L_0x6069525d8060, L_0x6069525d8060, L_0x6069525d8060, L_0x6069525d8060;
LS_0x6069525d7d90_0_4 .concat [ 1 1 1 1], L_0x6069525d8060, L_0x6069525d8060, L_0x6069525d8060, L_0x6069525d8060;
LS_0x6069525d7d90_0_8 .concat [ 1 1 1 0], L_0x6069525d8060, L_0x6069525d8060, L_0x6069525d8060;
L_0x6069525d7d90 .concat [ 4 4 3 0], LS_0x6069525d7d90_0_0, LS_0x6069525d7d90_0_4, LS_0x6069525d7d90_0_8;
L_0x6069525d8200 .part o0x7372894a5b18, 31, 1;
L_0x6069525d8360 .part o0x7372894a5b18, 12, 8;
L_0x6069525d8400 .part o0x7372894a5b18, 20, 1;
L_0x6069525d8570 .part o0x7372894a5b18, 21, 10;
LS_0x6069525d8610_0_0 .concat [ 1 10 1 8], L_0x7372891b80f8, L_0x6069525d8570, L_0x6069525d8400, L_0x6069525d8360;
LS_0x6069525d8610_0_4 .concat [ 1 11 0 0], L_0x6069525d8200, L_0x6069525d7d90;
L_0x6069525d8610 .concat [ 20 12 0 0], LS_0x6069525d8610_0_0, LS_0x6069525d8610_0_4;
L_0x6069525d8920 .functor MUXZ 32, L_0x6069525d8610, L_0x6069525d7e30, L_0x6069525d72c0, C4<>;
L_0x6069525d8ab0 .functor MUXZ 32, L_0x6069525d8920, L_0x6069525d71d0, L_0x6069525d6b10, C4<>;
L_0x6069525d8d30 .functor MUXZ 32, L_0x6069525d8ab0, L_0x6069525d6a20, L_0x6069525d6540, C4<>;
S_0x6069525b9180 .scope module, "RF" "register_file" 5 53, 5 151 0, S_0x60695257f190;
 .timescale -9 -12;
    .port_info 0 /INPUT 1 "clk";
    .port_info 1 /INPUT 1 "rst";
    .port_info 2 /INPUT 1 "regWrite";
    .port_info 3 /INPUT 5 "rs1";
    .port_info 4 /INPUT 5 "rs2";
    .port_info 5 /INPUT 5 "rd";
    .port_info 6 /INPUT 32 "WB_result";
    .port_info 7 /OUTPUT 32 "rs1_val";
    .port_info 8 /OUTPUT 32 "rs2_val";
v0x6069525b9480_0 .net "WB_result", 31 0, o0x7372894a5bd8;  alias, 0 drivers
v0x6069525b9580_0 .net "clk", 0 0, o0x7372894a5c08;  alias, 0 drivers
v0x6069525b9640_0 .var/i "i", 31 0;
v0x6069525b9730_0 .net "rd", 4 0, o0x7372894a5c68;  alias, 0 drivers
v0x6069525b9810_0 .net "regWrite", 0 0, o0x7372894a5c98;  alias, 0 drivers
v0x6069525b9920 .array "register", 0 31, 31 0;
v0x6069525b99e0_0 .net "rs1", 4 0, L_0x6069525d2020;  alias, 1 drivers
v0x6069525b9ac0_0 .var "rs1_val", 31 0;
v0x6069525b9ba0_0 .net "rs2", 4 0, L_0x6069525d20c0;  alias, 1 drivers
v0x6069525b9c80_0 .var "rs2_val", 31 0;
v0x6069525b9d60_0 .net "rst", 0 0, o0x7372894a5d88;  alias, 0 drivers
E_0x60695258df00 .event negedge, v0x6069525b9580_0;
E_0x60695258e240 .event posedge, v0x6069525b9580_0;
S_0x6069525b9f40 .scope module, "pipe_reg" "ID_EX" 5 67, 5 188 0, S_0x60695257f190;
 .timescale -9 -12;
    .port_info 0 /INPUT 32 "PC_r";
    .port_info 1 /INPUT 32 "instruction_r";
    .port_info 2 /INPUT 1 "clk";
    .port_info 3 /INPUT 1 "rst";
    .port_info 4 /INPUT 1 "ALUSrc_r";
    .port_info 5 /INPUT 1 "memRead_r";
    .port_info 6 /INPUT 1 "memWrite_r";
    .port_info 7 /INPUT 1 "jalr_r";
    .port_info 8 /INPUT 1 "jump_r";
    .port_info 9 /INPUT 1 "branch_r";
    .port_info 10 /INPUT 1 "regWrite_r";
    .port_info 11 /INPUT 2 "resultSrc_r";
    .port_info 12 /INPUT 4 "ALUControl_r";
    .port_info 13 /INPUT 32 "immediate_r";
    .port_info 14 /INPUT 32 "rs1_val_r";
    .port_info 15 /INPUT 32 "rs2_val_r";
    .port_info 16 /INPUT 1 "bgef3_r";
    .port_info 17 /INPUT 5 "rs1_r";
    .port_info 18 /INPUT 5 "rs2_r";
    .port_info 19 /INPUT 5 "rd_r";
    .port_info 20 /OUTPUT 32 "instruction";
    .port_info 21 /OUTPUT 32 "PC";
    .port_info 22 /OUTPUT 1 "ALUSrc";
    .port_info 23 /OUTPUT 1 "memRead";
    .port_info 24 /OUTPUT 1 "memWrite";
    .port_info 25 /OUTPUT 1 "jalr";
    .port_info 26 /OUTPUT 1 "jump";
    .port_info 27 /OUTPUT 1 "branch";
    .port_info 28 /OUTPUT 1 "regWrite";
    .port_info 29 /OUTPUT 2 "resultSrc";
    .port_info 30 /OUTPUT 4 "ALUControl";
    .port_info 31 /OUTPUT 32 "immediate";
    .port_info 32 /OUTPUT 32 "rs1_val";
    .port_info 33 /OUTPUT 32 "rs2_val";
    .port_info 34 /OUTPUT 1 "bgef3";
    .port_info 35 /OUTPUT 5 "rs1";
    .port_info 36 /OUTPUT 5 "rs2";
    .port_info 37 /OUTPUT 5 "rd";
v0x6069525ba680_0 .var "ALUControl", 3 0;
v0x6069525ba780_0 .net "ALUControl_r", 3 0, L_0x6069525da960;  alias, 1 drivers
v0x6069525ba840_0 .var "ALUSrc", 0 0;
v0x6069525ba8e0_0 .net "ALUSrc_r", 0 0, L_0x6069525d2380;  alias, 1 drivers
v0x6069525ba9b0_0 .var "PC", 31 0;
v0x6069525baaa0_0 .net "PC_r", 31 0, o0x7372894a5ff8;  alias, 0 drivers
v0x6069525bab80_0 .var "bgef3", 0 0;
v0x6069525bac40_0 .net "bgef3_r", 0 0, L_0x6069525dacd0;  1 drivers
v0x6069525bad00_0 .var "branch", 0 0;
v0x6069525bae50_0 .net "branch_r", 0 0, L_0x6069525d36f0;  alias, 1 drivers
v0x6069525baef0_0 .net "clk", 0 0, o0x7372894a5c08;  alias, 0 drivers
v0x6069525bafc0_0 .var "immediate", 31 0;
v0x6069525bb060_0 .net "immediate_r", 31 0, L_0x6069525d8d30;  alias, 1 drivers
v0x6069525bb150_0 .var "instruction", 31 0;
v0x6069525bb210_0 .net "instruction_r", 31 0, o0x7372894a5b18;  alias, 0 drivers
v0x6069525bb300_0 .var "jalr", 0 0;
v0x6069525bb3a0_0 .net "jalr_r", 0 0, L_0x6069525d2f70;  alias, 1 drivers
v0x6069525bb470_0 .var "jump", 0 0;
v0x6069525bb510_0 .net "jump_r", 0 0, L_0x6069525d3470;  alias, 1 drivers
v0x6069525bb5e0_0 .var "memRead", 0 0;
v0x6069525bb680_0 .net "memRead_r", 0 0, L_0x6069525d2a30;  alias, 1 drivers
v0x6069525bb750_0 .var "memWrite", 0 0;
v0x6069525bb7f0_0 .net "memWrite_r", 0 0, L_0x6069525d2cf0;  alias, 1 drivers
v0x6069525bb8c0_0 .var "rd", 4 0;
v0x6069525bb980_0 .net "rd_r", 4 0, L_0x6069525daf10;  1 drivers
v0x6069525bba60_0 .var "regWrite", 0 0;
v0x6069525bbb20_0 .net "regWrite_r", 0 0, L_0x6069525d3eb0;  alias, 1 drivers
v0x6069525bbbf0_0 .var "resultSrc", 1 0;
v0x6069525bbcb0_0 .net "resultSrc_r", 1 0, o0x7372894a6298;  alias, 0 drivers
v0x6069525bbd90_0 .var "rs1", 4 0;
v0x6069525bbe70_0 .net "rs1_r", 4 0, L_0x6069525dad70;  1 drivers
v0x6069525bbf50_0 .var "rs1_val", 31 0;
v0x6069525bc030_0 .net "rs1_val_r", 31 0, v0x6069525b9ac0_0;  alias, 1 drivers
v0x6069525bc330_0 .var "rs2", 4 0;
v0x6069525bc3f0_0 .net "rs2_r", 4 0, L_0x6069525dae70;  1 drivers
v0x6069525bc4d0_0 .var "rs2_val", 31 0;
v0x6069525bc5b0_0 .net "rs2_val_r", 31 0, v0x6069525b9c80_0;  alias, 1 drivers
v0x6069525bc6a0_0 .net "rst", 0 0, o0x7372894a5d88;  alias, 0 drivers
E_0x6069525ba600 .event posedge, v0x6069525b9d60_0, v0x6069525b9580_0;
    .scope S_0x6069525a9be0;
T_0 ;
    %wait E_0x6069524cd4f0;
    %load/vec4 v0x6069525ac300_0;
    %flag_set/vec4 8;
    %jmp/0xz  T_0.0, 8;
    %pushi/vec4 0, 0, 32;
    %assign/vec4 v0x6069525aabb0_0, 0;
    %pushi/vec4 0, 0, 32;
    %assign/vec4 v0x6069525aa500_0, 0;
    %pushi/vec4 0, 0, 1;
    %assign/vec4 v0x6069525aa370_0, 0;
    %pushi/vec4 0, 0, 1;
    %assign/vec4 v0x6069525ab090_0, 0;
    %pushi/vec4 0, 0, 1;
    %assign/vec4 v0x6069525ab240_0, 0;
    %pushi/vec4 0, 0, 1;
    %assign/vec4 v0x6069525aada0_0, 0;
    %pushi/vec4 0, 0, 1;
    %assign/vec4 v0x6069525aaf50_0, 0;
    %pushi/vec4 0, 0, 1;
    %assign/vec4 v0x6069525aa830_0, 0;
    %pushi/vec4 0, 0, 1;
    %assign/vec4 v0x6069525ab5e0_0, 0;
    %pushi/vec4 0, 0, 2;
    %assign/vec4 v0x6069525ab790_0, 0;
    %pushi/vec4 0, 0, 4;
    %assign/vec4 v0x6069525aa180_0, 0;
    %pushi/vec4 0, 0, 32;
    %assign/vec4 v0x6069525aaa10_0, 0;
    %pushi/vec4 0, 0, 32;
    %assign/vec4 v0x6069525abb70_0, 0;
    %pushi/vec4 0, 0, 32;
    %assign/vec4 v0x6069525ac160_0, 0;
    %pushi/vec4 0, 0, 1;
    %assign/vec4 v0x6069525aa6f0_0, 0;
    %pushi/vec4 0, 0, 5;
    %assign/vec4 v0x6069525ab980_0, 0;
    %pushi/vec4 0, 0, 5;
    %assign/vec4 v0x6069525abf70_0, 0;
    %pushi/vec4 0, 0, 5;
    %assign/vec4 v0x6069525ab3f0_0, 0;
    %jmp T_0.1;
T_0.0 ;
    %load/vec4 v0x6069525aacc0_0;
    %assign/vec4 v0x6069525aabb0_0, 0;
    %load/vec4 v0x6069525aa610_0;
    %assign/vec4 v0x6069525aa500_0, 0;
    %load/vec4 v0x6069525aa460_0;
    %assign/vec4 v0x6069525aa370_0, 0;
    %load/vec4 v0x6069525ab180_0;
    %assign/vec4 v0x6069525ab090_0, 0;
    %load/vec4 v0x6069525ab330_0;
    %assign/vec4 v0x6069525ab240_0, 0;
    %load/vec4 v0x6069525aae90_0;
    %assign/vec4 v0x6069525aada0_0, 0;
    %load/vec4 v0x6069525aaff0_0;
    %assign/vec4 v0x6069525aaf50_0, 0;
    %load/vec4 v0x6069525aa8d0_0;
    %assign/vec4 v0x6069525aa830_0, 0;
    %load/vec4 v0x6069525ab6d0_0;
    %assign/vec4 v0x6069525ab5e0_0, 0;
    %load/vec4 v0x6069525ab8a0_0;
    %assign/vec4 v0x6069525ab790_0, 0;
    %load/vec4 v0x6069525aa290_0;
    %assign/vec4 v0x6069525aa180_0, 0;
    %load/vec4 v0x6069525aaad0_0;
    %assign/vec4 v0x6069525aaa10_0, 0;
    %load/vec4 v0x6069525abc80_0;
    %assign/vec4 v0x6069525abb70_0, 0;
    %load/vec4 v0x6069525ac220_0;
    %assign/vec4 v0x6069525ac160_0, 0;
    %load/vec4 v0x6069525aa790_0;
    %assign/vec4 v0x6069525aa6f0_0, 0;
    %load/vec4 v0x6069525aba90_0;
    %assign/vec4 v0x6069525ab980_0, 0;
    %load/vec4 v0x6069525ac080_0;
    %assign/vec4 v0x6069525abf70_0, 0;
    %load/vec4 v0x6069525ab500_0;
    %assign/vec4 v0x6069525ab3f0_0, 0;
T_0.1 ;
    %jmp T_0;
    .thread T_0;
    .scope S_0x6069525a5050;
T_1 ;
    %wait E_0x6069524cd4f0;
    %load/vec4 v0x6069525a6bd0_0;
    %flag_set/vec4 8;
    %jmp/0xz  T_1.0, 8;
    %pushi/vec4 0, 0, 32;
    %assign/vec4 v0x6069525a5b70_0, 0;
    %pushi/vec4 0, 0, 32;
    %assign/vec4 v0x6069525a5780_0, 0;
    %pushi/vec4 0, 0, 1;
    %assign/vec4 v0x6069525a5ed0_0, 0;
    %pushi/vec4 0, 0, 1;
    %assign/vec4 v0x6069525a6030_0, 0;
    %pushi/vec4 0, 0, 1;
    %assign/vec4 v0x6069525a6370_0, 0;
    %pushi/vec4 0, 0, 2;
    %assign/vec4 v0x6069525a64f0_0, 0;
    %pushi/vec4 0, 0, 32;
    %assign/vec4 v0x6069525a6a30_0, 0;
    %pushi/vec4 0, 0, 5;
    %assign/vec4 v0x6069525a66b0_0, 0;
    %pushi/vec4 0, 0, 5;
    %assign/vec4 v0x6069525a6870_0, 0;
    %pushi/vec4 0, 0, 5;
    %assign/vec4 v0x6069525a61b0_0, 0;
    %pushi/vec4 0, 0, 32;
    %assign/vec4 v0x6069525a5570_0, 0;
    %pushi/vec4 0, 0, 32;
    %assign/vec4 v0x6069525a5d30_0, 0;
    %pushi/vec4 0, 0, 1;
    %assign/vec4 v0x6069525a5840_0, 0;
    %jmp T_1.1;
T_1.0 ;
    %load/vec4 v0x6069525a5c50_0;
    %assign/vec4 v0x6069525a5b70_0, 0;
    %load/vec4 v0x6069525a5a10_0;
    %assign/vec4 v0x6069525a5780_0, 0;
    %load/vec4 v0x6069525a5f70_0;
    %assign/vec4 v0x6069525a5ed0_0, 0;
    %load/vec4 v0x6069525a60f0_0;
    %assign/vec4 v0x6069525a6030_0, 0;
    %load/vec4 v0x6069525a6430_0;
    %assign/vec4 v0x6069525a6370_0, 0;
    %load/vec4 v0x6069525a65d0_0;
    %assign/vec4 v0x6069525a64f0_0, 0;
    %load/vec4 v0x6069525a6b10_0;
    %assign/vec4 v0x6069525a6a30_0, 0;
    %load/vec4 v0x6069525a6790_0;
    %assign/vec4 v0x6069525a66b0_0, 0;
    %load/vec4 v0x6069525a6950_0;
    %assign/vec4 v0x6069525a6870_0, 0;
    %load/vec4 v0x6069525a6290_0;
    %assign/vec4 v0x6069525a61b0_0, 0;
    %load/vec4 v0x6069525a5670_0;
    %assign/vec4 v0x6069525a5570_0, 0;
    %load/vec4 v0x6069525a5e10_0;
    %assign/vec4 v0x6069525a5d30_0, 0;
    %load/vec4 v0x6069525a5900_0;
    %assign/vec4 v0x6069525a5840_0, 0;
T_1.1 ;
    %jmp T_1;
    .thread T_1;
    .scope S_0x60695254bea0;
T_2 ;
    %delay 5000, 0;
    %load/vec4 v0x6069525ad270_0;
    %inv;
    %store/vec4 v0x6069525ad270_0, 0, 1;
    %jmp T_2;
    .thread T_2;
    .scope S_0x60695254bea0;
T_3 ;
    %pushi/vec4 0, 0, 1;
    %store/vec4 v0x6069525ad270_0, 0, 1;
    %pushi/vec4 1, 0, 1;
    %store/vec4 v0x6069525aefc0_0, 0, 1;
    %pushi/vec4 0, 0, 32;
    %store/vec4 v0x6069525accb0_0, 0, 32;
    %pushi/vec4 0, 0, 32;
    %store/vec4 v0x6069525ad450_0, 0, 32;
    %pushi/vec4 0, 0, 1;
    %store/vec4 v0x6069525aca30_0, 0, 1;
    %pushi/vec4 0, 0, 4;
    %store/vec4 v0x6069525ac8b0_0, 0, 4;
    %pushi/vec4 0, 0, 32;
    %store/vec4 v0x6069525ae980_0, 0, 32;
    %pushi/vec4 0, 0, 32;
    %store/vec4 v0x6069525aed50_0, 0, 32;
    %pushi/vec4 0, 0, 32;
    %store/vec4 v0x6069525ad310_0, 0, 32;
    %pushi/vec4 0, 0, 1;
    %store/vec4 v0x6069525ada10_0, 0, 1;
    %pushi/vec4 0, 0, 1;
    %store/vec4 v0x6069525adc40_0, 0, 1;
    %pushi/vec4 0, 0, 1;
    %store/vec4 v0x6069525ad650_0, 0, 1;
    %pushi/vec4 0, 0, 1;
    %store/vec4 v0x6069525ad790_0, 0, 1;
    %pushi/vec4 0, 0, 1;
    %store/vec4 v0x6069525ad130_0, 0, 1;
    %pushi/vec4 0, 0, 2;
    %store/vec4 v0x6069525ae4e0_0, 0, 2;
    %pushi/vec4 0, 0, 1;
    %store/vec4 v0x6069525acff0_0, 0, 1;
    %pushi/vec4 0, 0, 5;
    %store/vec4 v0x6069525ae710_0, 0, 5;
    %pushi/vec4 0, 0, 5;
    %store/vec4 v0x6069525aeae0_0, 0, 5;
    %pushi/vec4 0, 0, 5;
    %store/vec4 v0x6069525ade70_0, 0, 5;
    %delay 10000, 0;
    %pushi/vec4 0, 0, 1;
    %store/vec4 v0x6069525aefc0_0, 0, 1;
    %wait E_0x6069524ed320;
    %pushi/vec4 0, 0, 1;
    %store/vec4 v0x6069525aca30_0, 0, 1;
    %pushi/vec4 0, 0, 4;
    %store/vec4 v0x6069525ac8b0_0, 0, 4;
    %pushi/vec4 10, 0, 32;
    %store/vec4 v0x6069525ae980_0, 0, 32;
    %pushi/vec4 20, 0, 32;
    %store/vec4 v0x6069525aed50_0, 0, 32;
    %pushi/vec4 0, 0, 32;
    %store/vec4 v0x6069525ad450_0, 0, 32;
    %pushi/vec4 2, 0, 32;
T_3.0 %dup/vec4;
    %pushi/vec4 0, 0, 32;
    %cmp/s;
    %jmp/1xz T_3.1, 5;
    %jmp/1 T_3.1, 4;
    %pushi/vec4 1, 0, 32;
    %sub;
    %wait E_0x6069524edeb0;
    %jmp T_3.0;
T_3.1 ;
    %pop/vec4 1;
    %delay 1000, 0;
    %vpi_call 2 89 "$display", "--- Testing EX Stage ---" {0 0 0};
    %vpi_call 2 90 "$display", "Time: %t", $time {0 0 0};
    %vpi_call 2 91 "$display", "in: rs1 val: %d, rs2 val: %d, ALUSrc: %b, Control: %b", v0x6069525aea40_0, v0x6069525aef00_0, v0x6069525acad0_0, v0x6069525ac990_0 {0 0 0};
    %vpi_call 2 92 "$display", "out: ALU_Result: %d", v0x6069525acb70_0 {0 0 0};
    %delay 10000, 0;
    %vpi_call 2 94 "$finish" {0 0 0};
    %end;
    .thread T_3;
    .scope S_0x6069525b9180;
T_4 ;
    %wait E_0x60695258e240;
    %load/vec4 v0x6069525b9810_0;
    %load/vec4 v0x6069525b9730_0;
    %pushi/vec4 0, 0, 5;
    %cmp/ne;
    %flag_get/vec4 4;
    %and;
    %flag_set/vec4 8;
    %jmp/0xz  T_4.0, 8;
    %load/vec4 v0x6069525b9480_0;
    %load/vec4 v0x6069525b9730_0;
    %pad/u 7;
    %ix/vec4 3;
    %ix/load 4, 0, 0; Constant delay
    %assign/vec4/a/d v0x6069525b9920, 0, 4;
T_4.0 ;
    %jmp T_4;
    .thread T_4;
    .scope S_0x6069525b9180;
T_5 ;
    %wait E_0x60695258df00;
    %load/vec4 v0x6069525b9d60_0;
    %cmpi/e 1, 0, 1;
    %flag_mov 8, 4;
    %jmp/0 T_5.0, 8;
    %pushi/vec4 0, 0, 32;
    %jmp/1 T_5.1, 8;
T_5.0 ; End of true expr.
    %load/vec4 v0x6069525b99e0_0;
    %pad/u 7;
    %ix/vec4 4;
    %load/vec4a v0x6069525b9920, 4;
    %jmp/0 T_5.1, 8;
 ; End of false expr.
    %blend;
T_5.1;
    %store/vec4 v0x6069525b9ac0_0, 0, 32;
    %load/vec4 v0x6069525b9d60_0;
    %cmpi/e 1, 0, 1;
    %flag_mov 8, 4;
    %jmp/0 T_5.2, 8;
    %pushi/vec4 0, 0, 32;
    %jmp/1 T_5.3, 8;
T_5.2 ; End of true expr.
    %load/vec4 v0x6069525b9ba0_0;
    %pad/u 7;
    %ix/vec4 4;
    %load/vec4a v0x6069525b9920, 4;
    %jmp/0 T_5.3, 8;
 ; End of false expr.
    %blend;
T_5.3;
    %store/vec4 v0x6069525b9c80_0, 0, 32;
    %jmp T_5;
    .thread T_5;
    .scope S_0x6069525b9180;
T_6 ;
    %pushi/vec4 0, 0, 32;
    %store/vec4 v0x6069525b9640_0, 0, 32;
T_6.0 ;
    %load/vec4 v0x6069525b9640_0;
    %cmpi/s 32, 0, 32;
    %jmp/0xz T_6.1, 5;
    %pushi/vec4 0, 0, 32;
    %ix/getv/s 4, v0x6069525b9640_0;
    %store/vec4a v0x6069525b9920, 4, 0;
    %load/vec4 v0x6069525b9640_0;
    %addi 1, 0, 32;
    %store/vec4 v0x6069525b9640_0, 0, 32;
    %jmp T_6.0;
T_6.1 ;
    %end;
    .thread T_6;
    .scope S_0x6069525b9f40;
T_7 ;
    %wait E_0x6069525ba600;
    %load/vec4 v0x6069525bc6a0_0;
    %flag_set/vec4 8;
    %jmp/0xz  T_7.0, 8;
    %pushi/vec4 0, 0, 32;
    %assign/vec4 v0x6069525bb150_0, 0;
    %pushi/vec4 0, 0, 32;
    %assign/vec4 v0x6069525ba9b0_0, 0;
    %pushi/vec4 0, 0, 1;
    %assign/vec4 v0x6069525ba840_0, 0;
    %pushi/vec4 0, 0, 1;
    %assign/vec4 v0x6069525bb5e0_0, 0;
    %pushi/vec4 0, 0, 1;
    %assign/vec4 v0x6069525bb750_0, 0;
    %pushi/vec4 0, 0, 1;
    %assign/vec4 v0x6069525bb300_0, 0;
    %pushi/vec4 0, 0, 1;
    %assign/vec4 v0x6069525bb470_0, 0;
    %pushi/vec4 0, 0, 1;
    %assign/vec4 v0x6069525bad00_0, 0;
    %pushi/vec4 0, 0, 1;
    %assign/vec4 v0x6069525bba60_0, 0;
    %pushi/vec4 0, 0, 2;
    %assign/vec4 v0x6069525bbbf0_0, 0;
    %pushi/vec4 0, 0, 4;
    %assign/vec4 v0x6069525ba680_0, 0;
    %pushi/vec4 0, 0, 32;
    %assign/vec4 v0x6069525bafc0_0, 0;
    %pushi/vec4 0, 0, 32;
    %assign/vec4 v0x6069525bbf50_0, 0;
    %pushi/vec4 0, 0, 32;
    %assign/vec4 v0x6069525bc4d0_0, 0;
    %pushi/vec4 0, 0, 1;
    %assign/vec4 v0x6069525bab80_0, 0;
    %pushi/vec4 0, 0, 5;
    %assign/vec4 v0x6069525bbd90_0, 0;
    %pushi/vec4 0, 0, 5;
    %assign/vec4 v0x6069525bc330_0, 0;
    %pushi/vec4 0, 0, 5;
    %assign/vec4 v0x6069525bb8c0_0, 0;
    %jmp T_7.1;
T_7.0 ;
    %load/vec4 v0x6069525bb210_0;
    %assign/vec4 v0x6069525bb150_0, 0;
    %load/vec4 v0x6069525baaa0_0;
    %assign/vec4 v0x6069525ba9b0_0, 0;
    %load/vec4 v0x6069525ba8e0_0;
    %assign/vec4 v0x6069525ba840_0, 0;
    %load/vec4 v0x6069525bb680_0;
    %assign/vec4 v0x6069525bb5e0_0, 0;
    %load/vec4 v0x6069525bb7f0_0;
    %assign/vec4 v0x6069525bb750_0, 0;
    %load/vec4 v0x6069525bb3a0_0;
    %assign/vec4 v0x6069525bb300_0, 0;
    %load/vec4 v0x6069525bb510_0;
    %assign/vec4 v0x6069525bb470_0, 0;
    %load/vec4 v0x6069525bae50_0;
    %assign/vec4 v0x6069525bad00_0, 0;
    %load/vec4 v0x6069525bbb20_0;
    %assign/vec4 v0x6069525bba60_0, 0;
    %load/vec4 v0x6069525bbcb0_0;
    %assign/vec4 v0x6069525bbbf0_0, 0;
    %load/vec4 v0x6069525ba780_0;
    %assign/vec4 v0x6069525ba680_0, 0;
    %load/vec4 v0x6069525bb060_0;
    %assign/vec4 v0x6069525bafc0_0, 0;
    %load/vec4 v0x6069525bc030_0;
    %assign/vec4 v0x6069525bbf50_0, 0;
    %load/vec4 v0x6069525bc5b0_0;
    %assign/vec4 v0x6069525bc4d0_0, 0;
    %load/vec4 v0x6069525bac40_0;
    %assign/vec4 v0x6069525bab80_0, 0;
    %load/vec4 v0x6069525bbe70_0;
    %assign/vec4 v0x6069525bbd90_0, 0;
    %load/vec4 v0x6069525bc3f0_0;
    %assign/vec4 v0x6069525bc330_0, 0;
    %load/vec4 v0x6069525bb980_0;
    %assign/vec4 v0x6069525bb8c0_0, 0;
T_7.1 ;
    %jmp T_7;
    .thread T_7;
# The file index is used to find the file name in the following table.
:file_names 6;
    "N/A";
    "<interactive>";
    "EX_tb.v";
    "execute_stage.v";
    "shared_modules.v";
    "decode_stage.v";
