#! /usr/bin/vvp
:ivl_version "12.0 (stable)";
:ivl_delay_selection "TYPICAL";
:vpi_time_precision + 0;
:vpi_module "/usr/lib/x86_64-linux-gnu/ivl/system.vpi";
:vpi_module "/usr/lib/x86_64-linux-gnu/ivl/vhdl_sys.vpi";
:vpi_module "/usr/lib/x86_64-linux-gnu/ivl/vhdl_textio.vpi";
:vpi_module "/usr/lib/x86_64-linux-gnu/ivl/v2005_math.vpi";
:vpi_module "/usr/lib/x86_64-linux-gnu/ivl/va_math.vpi";
S_0x565525786ab0 .scope module, "IF_tb" "IF_tb" 2 3;
 .timescale 0 0;
v0x5655257b0aa0_0 .net "PC", 31 0, v0x5655257adcb0_0;  1 drivers
v0x5655257b0bd0_0 .var "PCSel", 0 0;
v0x5655257b0ce0_0 .var "clk", 0 0;
v0x5655257b0d80_0 .net "ins", 31 0, v0x5655257adb10_0;  1 drivers
v0x5655257b0e70_0 .var "jump_target", 0 31;
v0x5655257b0fb0_0 .var "rst", 0 0;
S_0x565525786c40 .scope module, "IF" "fetch_stage" 2 9, 3 5 0, S_0x565525786ab0;
 .timescale 0 0;
    .port_info 0 /INPUT 1 "clk";
    .port_info 1 /INPUT 1 "rst";
    .port_info 2 /INPUT 1 "PCSel";
    .port_info 3 /INPUT 32 "jump_target";
    .port_info 4 /OUTPUT 32 "PC_r";
    .port_info 5 /OUTPUT 32 "instruction_r";
v0x5655257b0110_0 .net "PCSel", 0 0, v0x5655257b0bd0_0;  1 drivers
v0x5655257b01d0_0 .net "PC_out", 31 0, v0x5655257af170_0;  1 drivers
v0x5655257b0270_0 .net "PC_r", 31 0, v0x5655257adcb0_0;  alias, 1 drivers
v0x5655257b0370_0 .net "clk", 0 0, v0x5655257b0ce0_0;  1 drivers
v0x5655257b0410_0 .net "instruction_out", 31 0, L_0x5655257c19b0;  1 drivers
v0x5655257b0550_0 .net "instruction_r", 31 0, v0x5655257adb10_0;  alias, 1 drivers
v0x5655257b0610_0 .net "jump_target", 31 0, v0x5655257b0e70_0;  1 drivers
v0x5655257b06b0_0 .net "next_pc_val", 31 0, L_0x5655257c11c0;  1 drivers
v0x5655257b07a0_0 .net "pc_plus_4", 31 0, L_0x5655257b1050;  1 drivers
v0x5655257b08f0_0 .net "rst", 0 0, v0x5655257b0fb0_0;  1 drivers
S_0x565525787cc0 .scope module, "IFID" "IF_ID" 3 30, 3 78 0, S_0x565525786c40;
 .timescale 0 0;
    .port_info 0 /INPUT 1 "clk";
    .port_info 1 /INPUT 1 "rst";
    .port_info 2 /INPUT 32 "pc_in";
    .port_info 3 /INPUT 32 "instr_in";
    .port_info 4 /OUTPUT 32 "pc";
    .port_info 5 /OUTPUT 32 "instr";
v0x565525787f40_0 .net "clk", 0 0, v0x5655257b0ce0_0;  alias, 1 drivers
v0x5655257adb10_0 .var "instr", 31 0;
v0x5655257adbf0_0 .net "instr_in", 31 0, L_0x5655257c19b0;  alias, 1 drivers
v0x5655257adcb0_0 .var "pc", 31 0;
v0x5655257add90_0 .net "pc_in", 31 0, v0x5655257af170_0;  alias, 1 drivers
v0x5655257adec0_0 .net "rst", 0 0, v0x5655257b0fb0_0;  alias, 1 drivers
E_0x565525792710 .event posedge, v0x5655257adec0_0, v0x565525787f40_0;
S_0x5655257ae040 .scope module, "IM" "instruction_memory" 3 25, 3 35 0, S_0x565525786c40;
 .timescale 0 0;
    .port_info 0 /INPUT 32 "PC";
    .port_info 1 /OUTPUT 32 "instruction";
v0x5655257ae240_0 .net "PC", 31 0, v0x5655257af170_0;  alias, 1 drivers
v0x5655257ae320_0 .net *"_ivl_0", 7 0, L_0x5655257c1330;  1 drivers
v0x5655257ae3e0_0 .net *"_ivl_10", 31 0, L_0x5655257c1580;  1 drivers
v0x5655257ae4a0_0 .net *"_ivl_12", 7 0, L_0x5655257c16f0;  1 drivers
L_0x75c1b8ace0f0 .functor BUFT 1, C4<00000000000000000000000000000001>, C4<0>, C4<0>, C4<0>;
v0x5655257ae580_0 .net/2u *"_ivl_14", 31 0, L_0x75c1b8ace0f0;  1 drivers
v0x5655257ae6b0_0 .net *"_ivl_16", 31 0, L_0x5655257c1790;  1 drivers
v0x5655257ae790_0 .net *"_ivl_18", 7 0, L_0x5655257c1910;  1 drivers
L_0x75c1b8ace060 .functor BUFT 1, C4<00000000000000000000000000000011>, C4<0>, C4<0>, C4<0>;
v0x5655257ae870_0 .net/2u *"_ivl_2", 31 0, L_0x75c1b8ace060;  1 drivers
v0x5655257ae950_0 .net *"_ivl_4", 31 0, L_0x5655257c13f0;  1 drivers
v0x5655257aea30_0 .net *"_ivl_6", 7 0, L_0x5655257c14e0;  1 drivers
L_0x75c1b8ace0a8 .functor BUFT 1, C4<00000000000000000000000000000010>, C4<0>, C4<0>, C4<0>;
v0x5655257aeb10_0 .net/2u *"_ivl_8", 31 0, L_0x75c1b8ace0a8;  1 drivers
v0x5655257aebf0_0 .var/i "i", 31 0;
v0x5655257aecd0_0 .net "instruction", 31 0, L_0x5655257c19b0;  alias, 1 drivers
v0x5655257aed90 .array "memory", 65535 0, 7 0;
v0x5655257aee30 .array "temp_mem", 16383 0, 31 0;
L_0x5655257c1330 .array/port v0x5655257aed90, L_0x5655257c13f0;
L_0x5655257c13f0 .arith/sum 32, v0x5655257af170_0, L_0x75c1b8ace060;
L_0x5655257c14e0 .array/port v0x5655257aed90, L_0x5655257c1580;
L_0x5655257c1580 .arith/sum 32, v0x5655257af170_0, L_0x75c1b8ace0a8;
L_0x5655257c16f0 .array/port v0x5655257aed90, L_0x5655257c1790;
L_0x5655257c1790 .arith/sum 32, v0x5655257af170_0, L_0x75c1b8ace0f0;
L_0x5655257c1910 .array/port v0x5655257aed90, v0x5655257af170_0;
L_0x5655257c19b0 .concat [ 8 8 8 8], L_0x5655257c1910, L_0x5655257c16f0, L_0x5655257c14e0, L_0x5655257c1330;
S_0x5655257aef50 .scope module, "PC_Reg" "program_counter" 3 18, 3 63 0, S_0x565525786c40;
 .timescale 0 0;
    .port_info 0 /INPUT 1 "clk";
    .port_info 1 /INPUT 32 "PC_mux_output";
    .port_info 2 /INPUT 1 "rst";
    .port_info 3 /OUTPUT 32 "PC";
v0x5655257af170_0 .var "PC", 31 0;
v0x5655257af280_0 .net "PC_mux_output", 31 0, L_0x5655257c11c0;  alias, 1 drivers
v0x5655257af360_0 .net "clk", 0 0, v0x5655257b0ce0_0;  alias, 1 drivers
v0x5655257af400_0 .net "rst", 0 0, v0x5655257b0fb0_0;  alias, 1 drivers
E_0x56552576e330 .event posedge, v0x565525787f40_0;
S_0x5655257af520 .scope module, "adder_4" "adder" 3 14, 4 12 0, S_0x565525786c40;
 .timescale 0 0;
    .port_info 0 /INPUT 32 "a";
    .port_info 1 /INPUT 32 "b";
    .port_info 2 /OUTPUT 32 "f";
v0x5655257af770_0 .net "a", 31 0, v0x5655257af170_0;  alias, 1 drivers
L_0x75c1b8ace018 .functor BUFT 1, C4<00000000000000000000000000000100>, C4<0>, C4<0>, C4<0>;
v0x5655257af850_0 .net "b", 31 0, L_0x75c1b8ace018;  1 drivers
v0x5655257af930_0 .net "f", 31 0, L_0x5655257b1050;  alias, 1 drivers
L_0x5655257b1050 .arith/sum 32, v0x5655257af170_0, L_0x75c1b8ace018;
S_0x5655257afa70 .scope module, "mux" "mux_2x1" 3 16, 4 1 0, S_0x565525786c40;
 .timescale 0 0;
    .port_info 0 /INPUT 32 "a";
    .port_info 1 /INPUT 32 "b";
    .port_info 2 /INPUT 1 "s";
    .port_info 3 /OUTPUT 32 "f";
v0x5655257afd10_0 .net "a", 31 0, L_0x5655257b1050;  alias, 1 drivers
v0x5655257afe00_0 .net "b", 31 0, v0x5655257b0e70_0;  alias, 1 drivers
v0x5655257afec0_0 .net "f", 31 0, L_0x5655257c11c0;  alias, 1 drivers
v0x5655257affc0_0 .net "s", 0 0, v0x5655257b0bd0_0;  alias, 1 drivers
L_0x5655257c11c0 .functor MUXZ 32, L_0x5655257b1050, v0x5655257b0e70_0, v0x5655257b0bd0_0, C4<>;
    .scope S_0x5655257aef50;
T_0 ;
    %wait E_0x56552576e330;
    %load/vec4 v0x5655257af400_0;
    %cmpi/e 1, 0, 1;
    %jmp/0xz  T_0.0, 4;
    %pushi/vec4 0, 0, 32;
    %assign/vec4 v0x5655257af170_0, 0;
    %jmp T_0.1;
T_0.0 ;
    %load/vec4 v0x5655257af280_0;
    %assign/vec4 v0x5655257af170_0, 0;
T_0.1 ;
    %jmp T_0;
    .thread T_0;
    .scope S_0x5655257ae040;
T_1 ;
    %vpi_call 3 47 "$readmemb", "program.txt", v0x5655257aee30 {0 0 0};
    %pushi/vec4 0, 0, 32;
    %store/vec4 v0x5655257aebf0_0, 0, 32;
T_1.0 ;
    %load/vec4 v0x5655257aebf0_0;
    %cmpi/s 16383, 0, 32;
    %jmp/0xz T_1.1, 5;
    %ix/getv/s 4, v0x5655257aebf0_0;
    %load/vec4a v0x5655257aee30, 4;
    %parti/s 8, 0, 2;
    %load/vec4 v0x5655257aebf0_0;
    %muli 4, 0, 32;
    %ix/vec4/s 4;
    %store/vec4a v0x5655257aed90, 4, 0;
    %ix/getv/s 4, v0x5655257aebf0_0;
    %load/vec4a v0x5655257aee30, 4;
    %parti/s 8, 8, 5;
    %load/vec4 v0x5655257aebf0_0;
    %muli 4, 0, 32;
    %addi 1, 0, 32;
    %ix/vec4/s 4;
    %store/vec4a v0x5655257aed90, 4, 0;
    %ix/getv/s 4, v0x5655257aebf0_0;
    %load/vec4a v0x5655257aee30, 4;
    %parti/s 8, 16, 6;
    %load/vec4 v0x5655257aebf0_0;
    %muli 4, 0, 32;
    %addi 2, 0, 32;
    %ix/vec4/s 4;
    %store/vec4a v0x5655257aed90, 4, 0;
    %ix/getv/s 4, v0x5655257aebf0_0;
    %load/vec4a v0x5655257aee30, 4;
    %parti/s 8, 24, 6;
    %load/vec4 v0x5655257aebf0_0;
    %muli 4, 0, 32;
    %addi 3, 0, 32;
    %ix/vec4/s 4;
    %store/vec4a v0x5655257aed90, 4, 0;
    %load/vec4 v0x5655257aebf0_0;
    %addi 1, 0, 32;
    %store/vec4 v0x5655257aebf0_0, 0, 32;
    %jmp T_1.0;
T_1.1 ;
    %end;
    .thread T_1;
    .scope S_0x565525787cc0;
T_2 ;
    %wait E_0x565525792710;
    %load/vec4 v0x5655257adec0_0;
    %flag_set/vec4 8;
    %jmp/0xz  T_2.0, 8;
    %pushi/vec4 0, 0, 32;
    %assign/vec4 v0x5655257adcb0_0, 0;
    %pushi/vec4 0, 0, 32;
    %assign/vec4 v0x5655257adb10_0, 0;
    %jmp T_2.1;
T_2.0 ;
    %load/vec4 v0x5655257add90_0;
    %assign/vec4 v0x5655257adcb0_0, 0;
    %load/vec4 v0x5655257adbf0_0;
    %assign/vec4 v0x5655257adb10_0, 0;
T_2.1 ;
    %jmp T_2;
    .thread T_2;
    .scope S_0x565525786ab0;
T_3 ;
    %delay 5, 0;
    %load/vec4 v0x5655257b0ce0_0;
    %inv;
    %store/vec4 v0x5655257b0ce0_0, 0, 1;
    %jmp T_3;
    .thread T_3;
    .scope S_0x565525786ab0;
T_4 ;
    %vpi_call 2 15 "$monitor", "time = %t, clk = %b, rst = %b, PCSel = %b, PC = %b, ins = %b", $time, v0x5655257b0ce0_0, v0x5655257b0fb0_0, v0x5655257b0bd0_0, v0x5655257b0aa0_0, v0x5655257b0d80_0 {0 0 0};
    %pushi/vec4 1, 0, 1;
    %store/vec4 v0x5655257b0ce0_0, 0, 1;
    %pushi/vec4 1, 0, 1;
    %store/vec4 v0x5655257b0fb0_0, 0, 1;
    %delay 10, 0;
    %pushi/vec4 0, 0, 1;
    %store/vec4 v0x5655257b0fb0_0, 0, 1;
    %pushi/vec4 1, 0, 1;
    %store/vec4 v0x5655257b0bd0_0, 0, 1;
    %pushi/vec4 20, 0, 32;
    %store/vec4 v0x5655257b0e70_0, 0, 32;
    %delay 10, 0;
    %pushi/vec4 0, 0, 1;
    %store/vec4 v0x5655257b0fb0_0, 0, 1;
    %pushi/vec4 0, 0, 1;
    %store/vec4 v0x5655257b0bd0_0, 0, 1;
    %delay 30, 0;
    %vpi_call 2 26 "$finish" {0 0 0};
    %end;
    .thread T_4;
# The file index is used to find the file name in the following table.
:file_names 5;
    "N/A";
    "<interactive>";
    "IF_tb.v";
    "fetch_stage.v";
    "shared_modules.v";
