#! /usr/bin/vvp
:ivl_version "12.0 (stable)";
:ivl_delay_selection "TYPICAL";
:vpi_time_precision + 0;
:vpi_module "/usr/lib/x86_64-linux-gnu/ivl/system.vpi";
:vpi_module "/usr/lib/x86_64-linux-gnu/ivl/vhdl_sys.vpi";
:vpi_module "/usr/lib/x86_64-linux-gnu/ivl/vhdl_textio.vpi";
:vpi_module "/usr/lib/x86_64-linux-gnu/ivl/v2005_math.vpi";
:vpi_module "/usr/lib/x86_64-linux-gnu/ivl/va_math.vpi";
:vpi_module "/usr/lib/x86_64-linux-gnu/ivl/v2009.vpi";
S_0x5a0346cdd490 .scope package, "$unit" "$unit" 2 1;
 .timescale 0 0;
S_0x5a0346cdd620 .scope module, "instruction_memory" "instruction_memory" 3 13;
 .timescale 0 0;
    .port_info 0 /INPUT 32 "pc";
    .port_info 1 /OUTPUT 32 "instruction";
L_0x5a0346d27130 .functor BUFZ 32, L_0x5a0346d26ea0, C4<00000000000000000000000000000000>, C4<00000000000000000000000000000000>, C4<00000000000000000000000000000000>;
v0x5a0346cdd7b0_0 .net *"_ivl_2", 31 0, L_0x5a0346d26ea0;  1 drivers
v0x5a0346d26820_0 .net *"_ivl_4", 4 0, L_0x5a0346d26fa0;  1 drivers
L_0x7d26fb699018 .functor BUFT 1, C4<0>, C4<0>, C4<0>, C4<0>;
v0x5a0346d26900_0 .net *"_ivl_7", 0 0, L_0x7d26fb699018;  1 drivers
v0x5a0346d269c0_0 .net "instruction", 31 0, L_0x5a0346d27130;  1 drivers
v0x5a0346d26aa0 .array "memory", 9 0, 31 0;
o0x7d26fb6e20d8 .functor BUFZ 32, C4<zzzzzzzzzzzzzzzzzzzzzzzzzzzzzzzz>; HiZ drive
v0x5a0346d26bb0_0 .net "pc", 31 0, o0x7d26fb6e20d8;  0 drivers
v0x5a0346d26c90_0 .net "rom_addr", 3 0, L_0x5a0346d26dd0;  1 drivers
L_0x5a0346d26dd0 .part o0x7d26fb6e20d8, 2, 4;
L_0x5a0346d26ea0 .array/port v0x5a0346d26aa0, L_0x5a0346d26fa0;
L_0x5a0346d26fa0 .concat [ 4 1 0 0], L_0x5a0346d26dd0, L_0x7d26fb699018;
    .scope S_0x5a0346cdd620;
T_0 ;
    %vpi_call/w 3 25 "$readmemb", "program.txt", v0x5a0346d26aa0, 32'sb00000000000000000000000000000000, 32'sb00000000000000000000000000001001 {0 0 0};
    %end;
    .thread T_0;
# The file index is used to find the file name in the following table.
:file_names 4;
    "N/A";
    "<interactive>";
    "-";
    "instruction_memory.v";
